Using pre-set license
Built from '2022.3/staging' branch; Version is '2022.3.14f1 (eff2de9070d8) revision 15725278'; Using compiler version '192829333'; Build Type 'Release'
OS: 'Windows 10  (10.0.19045) 64bit Education' Language: 'ko' Physical Memory: 16318 MB
BatchMode: 1, IsHumanControllingUs: 0, StartBugReporterOnCrash: 0, Is64bit: 1, IsPro: 1

COMMAND LINE ARGUMENTS:
C:\Program Files\Unity\Hub\Editor\2022.3.14f1\Editor\Unity.exe
-adb2
-batchMode
-noUpm
-name
AssetImportWorker0
-projectPath
C:/Users/Administrator/Desktop/C-Plus-Plus-Language/Game
-logFile
Logs/AssetImportWorker0.log
-srvPort
63357
Successfully changed project path to: C:/Users/Administrator/Desktop/C-Plus-Plus-Language/Game
C:/Users/Administrator/Desktop/C-Plus-Plus-Language/Game
[UnityMemory] Configuration Parameters - Can be set up in boot.config
    "memorysetup-bucket-allocator-granularity=16"
    "memorysetup-bucket-allocator-bucket-count=8"
    "memorysetup-bucket-allocator-block-size=33554432"
    "memorysetup-bucket-allocator-block-count=8"
    "memorysetup-main-allocator-block-size=16777216"
    "memorysetup-thread-allocator-block-size=16777216"
    "memorysetup-gfx-main-allocator-block-size=16777216"
    "memorysetup-gfx-thread-allocator-block-size=16777216"
    "memorysetup-cache-allocator-block-size=4194304"
    "memorysetup-typetree-allocator-block-size=2097152"
    "memorysetup-profiler-bucket-allocator-granularity=16"
    "memorysetup-profiler-bucket-allocator-bucket-count=8"
    "memorysetup-profiler-bucket-allocator-block-size=33554432"
    "memorysetup-profiler-bucket-allocator-block-count=8"
    "memorysetup-profiler-allocator-block-size=16777216"
    "memorysetup-profiler-editor-allocator-block-size=1048576"
    "memorysetup-temp-allocator-size-main=16777216"
    "memorysetup-job-temp-allocator-block-size=2097152"
    "memorysetup-job-temp-allocator-block-size-background=1048576"
    "memorysetup-job-temp-allocator-reduction-small-platforms=262144"
    "memorysetup-allocator-temp-initial-block-size-main=262144"
    "memorysetup-allocator-temp-initial-block-size-worker=262144"
    "memorysetup-temp-allocator-size-background-worker=32768"
    "memorysetup-temp-allocator-size-job-worker=262144"
    "memorysetup-temp-allocator-size-preload-manager=33554432"
    "memorysetup-temp-allocator-size-nav-mesh-worker=65536"
    "memorysetup-temp-allocator-size-audio-worker=65536"
    "memorysetup-temp-allocator-size-cloud-worker=32768"
    "memorysetup-temp-allocator-size-gi-baking-worker=262144"
    "memorysetup-temp-allocator-size-gfx=262144"
Player connection [25652] Host "[IP] 192.168.0.149 [Port] 0 [Flags] 2 [Guid] 800419606 [EditorId] 800419606 [Version] 1048832 [Id] WindowsEditor(7,DESKTOP-G7R323G) [Debug] 1 [PackageName] WindowsEditor [ProjectName] Editor" joined multi-casting on [225.0.0.222:54997]...

Player connection [25652] Host "[IP] 192.168.0.149 [Port] 0 [Flags] 2 [Guid] 800419606 [EditorId] 800419606 [Version] 1048832 [Id] WindowsEditor(7,DESKTOP-G7R323G) [Debug] 1 [PackageName] WindowsEditor [ProjectName] Editor" joined alternative multi-casting on [225.0.0.222:34997]...

[Physics::Module] Initialized MultithreadedJobDispatcher with 11 workers.
Refreshing native plugins compatible for Editor in 10.16 ms, found 3 plugins.
Preloading 0 native plugins for Editor in 0.00 ms.
Initialize engine version: 2022.3.14f1 (eff2de9070d8)
[Subsystems] Discovering subsystems at path C:/Program Files/Unity/Hub/Editor/2022.3.14f1/Editor/Data/Resources/UnitySubsystems
[Subsystems] Discovering subsystems at path C:/Users/Administrator/Desktop/C-Plus-Plus-Language/Game/Assets
GfxDevice: creating device client; threaded=0; jobified=0
Direct3D:
    Version:  Direct3D 11.0 [level 11.1]
    Renderer: NVIDIA GeForce GTX 1660 (ID=0x2184)
    Vendor:   NVIDIA
    VRAM:     5980 MB
    Driver:   31.0.15.3623
Initialize mono
Mono path[0] = 'C:/Program Files/Unity/Hub/Editor/2022.3.14f1/Editor/Data/Managed'
Mono path[1] = 'C:/Program Files/Unity/Hub/Editor/2022.3.14f1/Editor/Data/MonoBleedingEdge/lib/mono/unityjit-win32'
Mono config path = 'C:/Program Files/Unity/Hub/Editor/2022.3.14f1/Editor/Data/MonoBleedingEdge/etc'
Using monoOptions --debugger-agent=transport=dt_socket,embedding=1,server=y,suspend=n,address=127.0.0.1:56776
Begin MonoManager ReloadAssembly
Registering precompiled unity dll's ...
Register platform support module: C:/Program Files/Unity/Hub/Editor/2022.3.14f1/Editor/Data/PlaybackEngines/AndroidPlayer/UnityEditor.Android.Extensions.dll
Register platform support module: C:/Program Files/Unity/Hub/Editor/2022.3.14f1/Editor/Data/PlaybackEngines/WindowsStandaloneSupport/UnityEditor.WindowsStandalone.Extensions.dll
Registered in 0.013811 seconds.
- Loaded All Assemblies, in  0.465 seconds
Native extension for WindowsStandalone target not found
Native extension for Android target not found
Android Extension - Scanning For ADB Devices 282 ms
Mono: successfully reloaded assembly
- Finished resetting the current domain, in  0.632 seconds
Domain Reload Profiling: 1094ms
	BeginReloadAssembly (145ms)
		ExecutionOrderSort (0ms)
		DisableScriptedObjects (0ms)
		BackupInstance (0ms)
		ReleaseScriptingObjects (0ms)
		CreateAndSetChildDomain (1ms)
	RebuildCommonClasses (37ms)
	RebuildNativeTypeToScriptingClass (15ms)
	initialDomainReloadingComplete (74ms)
	LoadAllAssembliesAndSetupDomain (191ms)
		LoadAssemblies (143ms)
		RebuildTransferFunctionScriptingTraits (0ms)
		AnalyzeDomain (187ms)
			TypeCache.Refresh (185ms)
				TypeCache.ScanAssembly (162ms)
			ScanForSourceGeneratedMonoScriptInfo (1ms)
			ResolveRequiredComponents (1ms)
	FinalizeReload (632ms)
		ReleaseScriptCaches (0ms)
		RebuildScriptCaches (0ms)
		SetupLoadedEditorAssemblies (567ms)
			LogAssemblyErrors (0ms)
			InitializePlatformSupportModulesInManaged (409ms)
			SetLoadedEditorAssemblies (4ms)
			RefreshPlugins (0ms)
			BeforeProcessingInitializeOnLoad (2ms)
			ProcessInitializeOnLoadAttributes (107ms)
			ProcessInitializeOnLoadMethodAttributes (45ms)
			AfterProcessingInitializeOnLoad (0ms)
			EditorAssembliesLoaded (0ms)
		ExecutionOrderSort2 (0ms)
		AwakeInstancesAfterBackupRestoration (0ms)
========================================================================
Worker process is ready to serve import requests
Begin MonoManager ReloadAssembly
- Loaded All Assemblies, in  0.782 seconds
Refreshing native plugins compatible for Editor in 3.34 ms, found 3 plugins.
Native extension for WindowsStandalone target not found
Native extension for Android target not found
Package Manager log level set to [2]
[Package Manager] Server::EnsureServerProcessIsRunning -- launch failed, reason: Unity was launched with the -noUpm command-line argument
[Package Manager] UpmClient::Send -- Unable to send message (not connected to UPM process).
[Package Manager] Cannot connect to Unity Package Manager local server
Mono: successfully reloaded assembly
- Finished resetting the current domain, in  0.616 seconds
Domain Reload Profiling: 1395ms
	BeginReloadAssembly (183ms)
		ExecutionOrderSort (0ms)
		DisableScriptedObjects (6ms)
		BackupInstance (0ms)
		ReleaseScriptingObjects (0ms)
		CreateAndSetChildDomain (30ms)
	RebuildCommonClasses (33ms)
	RebuildNativeTypeToScriptingClass (11ms)
	initialDomainReloadingComplete (49ms)
	LoadAllAssembliesAndSetupDomain (502ms)
		LoadAssemblies (407ms)
		RebuildTransferFunctionScriptingTraits (0ms)
		AnalyzeDomain (206ms)
			TypeCache.Refresh (183ms)
				TypeCache.ScanAssembly (164ms)
			ScanForSourceGeneratedMonoScriptInfo (16ms)
			ResolveRequiredComponents (5ms)
	FinalizeReload (617ms)
		ReleaseScriptCaches (0ms)
		RebuildScriptCaches (0ms)
		SetupLoadedEditorAssemblies (449ms)
			LogAssemblyErrors (0ms)
			InitializePlatformSupportModulesInManaged (27ms)
			SetLoadedEditorAssemblies (5ms)
			RefreshPlugins (0ms)
			BeforeProcessingInitializeOnLoad (66ms)
			ProcessInitializeOnLoadAttributes (322ms)
			ProcessInitializeOnLoadMethodAttributes (20ms)
			AfterProcessingInitializeOnLoad (9ms)
			EditorAssembliesLoaded (0ms)
		ExecutionOrderSort2 (0ms)
		AwakeInstancesAfterBackupRestoration (8ms)
Launched and connected shader compiler UnityShaderCompiler.exe after 0.04 seconds
Refreshing native plugins compatible for Editor in 3.56 ms, found 3 plugins.
Preloading 0 native plugins for Editor in 0.00 ms.
Unloading 3269 Unused Serialized files (Serialized files now loaded: 0)
Unloading 45 unused Assets / (130.4 KB). Loaded Objects now: 3734.
Memory consumption went from 136.4 MB to 136.2 MB.
Total: 3.127700 ms (FindLiveObjects: 0.318500 ms CreateObjectMapping: 0.278900 ms MarkObjects: 2.398000 ms  DeleteObjects: 0.131300 ms)

AssetImportParameters requested are different than current active one (requested -> active):
  custom:container-demuxer-ogg: 62fdf1f143b41e24485cea50d1cbac27 -> 
  custom:video-decoder-ogg-theora: a1e56fd34408186e4bbccfd4996cb3dc -> 
  custom:framework-win-MediaFoundation: 216162199b28c13a410421893ffa2e32 -> 
  custom:CustomObjectIndexerAttribute: 756ad292c208cfabdd7b50bc23989ffe -> 
  custom:container-demuxer-webm: 4f35f7cbe854078d1ac9338744f61a02 -> 
  custom:container-muxer-webm: aa71ff27fc2769a1b78a27578f13a17b -> 
  custom:video-decoder-webm-vp8: 9c59270c3fd7afecdb556c50c9e8de78 -> 
  custom:SearchIndexIgnoredProperties: e643bd26f0fe6173181afceb89e7c659 -> 
  custom:AudioImporter_EditorPlatform: d09bf68614088b80899f8185d706f6e7 -> 
  custom:video-encoder-webm-vp8: eb34c28f22e8b96e1ab97ce403110664 -> 
  custom:audio-decoder-ogg-vorbis: bf7c407c2cedff20999df2af8eb42d56 -> 
  custom:audio-encoder-webm-vorbis: bf7c407c2cedff20999df2af8eb42d56 -> 
========================================================================
Received Prepare
Begin MonoManager ReloadAssembly
- Loaded All Assemblies, in  0.523 seconds
Refreshing native plugins compatible for Editor in 4.11 ms, found 3 plugins.
Native extension for WindowsStandalone target not found
Native extension for Android target not found
[Package Manager] Server::EnsureServerProcessIsRunning -- launch failed, reason: Unity was launched with the -noUpm command-line argument
[Package Manager] UpmClient::Send -- Unable to send message (not connected to UPM process).
[Package Manager] Cannot connect to Unity Package Manager local server
Mono: successfully reloaded assembly
- Finished resetting the current domain, in  1.061 seconds
Domain Reload Profiling: 1580ms
	BeginReloadAssembly (168ms)
		ExecutionOrderSort (0ms)
		DisableScriptedObjects (5ms)
		BackupInstance (0ms)
		ReleaseScriptingObjects (0ms)
		CreateAndSetChildDomain (35ms)
	RebuildCommonClasses (32ms)
	RebuildNativeTypeToScriptingClass (11ms)
	initialDomainReloadingComplete (35ms)
	LoadAllAssembliesAndSetupDomain (273ms)
		LoadAssemblies (348ms)
		RebuildTransferFunctionScriptingTraits (0ms)
		AnalyzeDomain (20ms)
			TypeCache.Refresh (12ms)
				TypeCache.ScanAssembly (0ms)
			ScanForSourceGeneratedMonoScriptInfo (0ms)
			ResolveRequiredComponents (7ms)
	FinalizeReload (1061ms)
		ReleaseScriptCaches (0ms)
		RebuildScriptCaches (0ms)
		SetupLoadedEditorAssemblies (500ms)
			LogAssemblyErrors (0ms)
			InitializePlatformSupportModulesInManaged (29ms)
			SetLoadedEditorAssemblies (5ms)
			RefreshPlugins (0ms)
			BeforeProcessingInitializeOnLoad (75ms)
			ProcessInitializeOnLoadAttributes (357ms)
			ProcessInitializeOnLoadMethodAttributes (23ms)
			AfterProcessingInitializeOnLoad (10ms)
			EditorAssembliesLoaded (0ms)
		ExecutionOrderSort2 (0ms)
		AwakeInstancesAfterBackupRestoration (10ms)
Refreshing native plugins compatible for Editor in 3.19 ms, found 3 plugins.
Preloading 0 native plugins for Editor in 0.00 ms.
Unloading 3260 Unused Serialized files (Serialized files now loaded: 0)
Unloading 24 unused Assets / (102.2 KB). Loaded Objects now: 3749.
Memory consumption went from 136.2 MB to 136.1 MB.
Total: 4.310600 ms (FindLiveObjects: 0.285800 ms CreateObjectMapping: 0.289100 ms MarkObjects: 3.661000 ms  DeleteObjects: 0.073800 ms)

Prepare: number of updated asset objects reloaded= 0
AssetImportParameters requested are different than current active one (requested -> active):
  custom:container-demuxer-ogg: 62fdf1f143b41e24485cea50d1cbac27 -> 
  custom:video-decoder-ogg-theora: a1e56fd34408186e4bbccfd4996cb3dc -> 
  custom:framework-win-MediaFoundation: 216162199b28c13a410421893ffa2e32 -> 
  custom:CustomObjectIndexerAttribute: 756ad292c208cfabdd7b50bc23989ffe -> 
  custom:container-demuxer-webm: 4f35f7cbe854078d1ac9338744f61a02 -> 
  custom:container-muxer-webm: aa71ff27fc2769a1b78a27578f13a17b -> 
  custom:video-decoder-webm-vp8: 9c59270c3fd7afecdb556c50c9e8de78 -> 
  custom:SearchIndexIgnoredProperties: e643bd26f0fe6173181afceb89e7c659 -> 
  custom:AudioImporter_EditorPlatform: d09bf68614088b80899f8185d706f6e7 -> 
  custom:video-encoder-webm-vp8: eb34c28f22e8b96e1ab97ce403110664 -> 
  custom:audio-decoder-ogg-vorbis: bf7c407c2cedff20999df2af8eb42d56 -> 
  custom:audio-encoder-webm-vorbis: bf7c407c2cedff20999df2af8eb42d56 -> 
========================================================================
Received Import Request.
  Time since last request: 1236005.593902 seconds.
  path: Assets/Scripts/Detector
  artifactKey: Guid(6b9c32952d8f84e478816e457f6a9d7c) Importer(815301076,1909f56bfc062723c751e8b465ee728b)
Start importing Assets/Scripts/Detector using Guid(6b9c32952d8f84e478816e457f6a9d7c) Importer(815301076,1909f56bfc062723c751e8b465ee728b)  -> (artifact id: 'f1b8fca945e5d72ed316523bb4562abd') in 0.002311 seconds
Number of updated asset objects reloaded before import = 0
Number of asset objects unloaded after import = 0
========================================================================
Received Import Request.
  Time since last request: 15.981383 seconds.
  path: Assets/Scripts/Detectors
  artifactKey: Guid(6b9c32952d8f84e478816e457f6a9d7c) Importer(815301076,1909f56bfc062723c751e8b465ee728b)
Start importing Assets/Scripts/Detectors using Guid(6b9c32952d8f84e478816e457f6a9d7c) Importer(815301076,1909f56bfc062723c751e8b465ee728b)  -> (artifact id: '179c6bd979e54ef5bae5dda968c45679') in 0.000461 seconds
Number of updated asset objects reloaded before import = 0
Number of asset objects unloaded after import = 0
========================================================================
Received Import Request.
  Time since last request: 25.794481 seconds.
  path: Assets/Scripts/Detectors/FrontDetector.cs
  artifactKey: Guid(71acea97f7ff1834f910090eab17ef36) Importer(815301076,1909f56bfc062723c751e8b465ee728b)
Start importing Assets/Scripts/Detectors/FrontDetector.cs using Guid(71acea97f7ff1834f910090eab17ef36) Importer(815301076,1909f56bfc062723c751e8b465ee728b)  -> (artifact id: '0a0111c79f7aae6c54a87bd90d9a8a75') in 0.000572 seconds
Number of updated asset objects reloaded before import = 0
Number of asset objects unloaded after import = 0
========================================================================
Received Prepare
Begin MonoManager ReloadAssembly
- Loaded All Assemblies, in  0.528 seconds
Refreshing native plugins compatible for Editor in 3.45 ms, found 3 plugins.
Native extension for WindowsStandalone target not found
Native extension for Android target not found
[Package Manager] Server::EnsureServerProcessIsRunning -- launch failed, reason: Unity was launched with the -noUpm command-line argument
[Package Manager] UpmClient::Send -- Unable to send message (not connected to UPM process).
[Package Manager] Cannot connect to Unity Package Manager local server
Mono: successfully reloaded assembly
- Finished resetting the current domain, in  0.915 seconds
Domain Reload Profiling: 1439ms
	BeginReloadAssembly (170ms)
		ExecutionOrderSort (0ms)
		DisableScriptedObjects (5ms)
		BackupInstance (0ms)
		ReleaseScriptingObjects (0ms)
		CreateAndSetChildDomain (34ms)
	RebuildCommonClasses (37ms)
	RebuildNativeTypeToScriptingClass (11ms)
	initialDomainReloadingComplete (33ms)
	LoadAllAssembliesAndSetupDomain (274ms)
		LoadAssemblies (350ms)
		RebuildTransferFunctionScriptingTraits (0ms)
		AnalyzeDomain (22ms)
			TypeCache.Refresh (9ms)
				TypeCache.ScanAssembly (0ms)
			ScanForSourceGeneratedMonoScriptInfo (6ms)
			ResolveRequiredComponents (5ms)
	FinalizeReload (915ms)
		ReleaseScriptCaches (0ms)
		RebuildScriptCaches (0ms)
		SetupLoadedEditorAssemblies (412ms)
			LogAssemblyErrors (0ms)
			InitializePlatformSupportModulesInManaged (24ms)
			SetLoadedEditorAssemblies (3ms)
			RefreshPlugins (0ms)
			BeforeProcessingInitializeOnLoad (60ms)
			ProcessInitializeOnLoadAttributes (299ms)
			ProcessInitializeOnLoadMethodAttributes (18ms)
			AfterProcessingInitializeOnLoad (9ms)
			EditorAssembliesLoaded (0ms)
		ExecutionOrderSort2 (0ms)
		AwakeInstancesAfterBackupRestoration (8ms)
Refreshing native plugins compatible for Editor in 3.64 ms, found 3 plugins.
Preloading 0 native plugins for Editor in 0.00 ms.
Unloading 3260 Unused Serialized files (Serialized files now loaded: 0)
Unloading 24 unused Assets / (102.3 KB). Loaded Objects now: 3765.
Memory consumption went from 137.9 MB to 137.8 MB.
Total: 3.015300 ms (FindLiveObjects: 0.440700 ms CreateObjectMapping: 0.295000 ms MarkObjects: 2.222800 ms  DeleteObjects: 0.055400 ms)

Prepare: number of updated asset objects reloaded= 0
AssetImportParameters requested are different than current active one (requested -> active):
  custom:container-demuxer-ogg: 62fdf1f143b41e24485cea50d1cbac27 -> 
  custom:video-decoder-ogg-theora: a1e56fd34408186e4bbccfd4996cb3dc -> 
  custom:framework-win-MediaFoundation: 216162199b28c13a410421893ffa2e32 -> 
  custom:CustomObjectIndexerAttribute: 756ad292c208cfabdd7b50bc23989ffe -> 
  custom:container-demuxer-webm: 4f35f7cbe854078d1ac9338744f61a02 -> 
  custom:container-muxer-webm: aa71ff27fc2769a1b78a27578f13a17b -> 
  custom:video-decoder-webm-vp8: 9c59270c3fd7afecdb556c50c9e8de78 -> 
  custom:SearchIndexIgnoredProperties: e643bd26f0fe6173181afceb89e7c659 -> 
  custom:AudioImporter_EditorPlatform: d09bf68614088b80899f8185d706f6e7 -> 
  custom:video-encoder-webm-vp8: eb34c28f22e8b96e1ab97ce403110664 -> 
  custom:audio-decoder-ogg-vorbis: bf7c407c2cedff20999df2af8eb42d56 -> 
  custom:audio-encoder-webm-vorbis: bf7c407c2cedff20999df2af8eb42d56 -> 
========================================================================
Received Import Request.
  Time since last request: 12.500767 seconds.
  path: Assets/Scripts/Detectors/MiddleDetector.cs
  artifactKey: Guid(1db772941903f4e42aa5fdc412161ed0) Importer(815301076,1909f56bfc062723c751e8b465ee728b)
Start importing Assets/Scripts/Detectors/MiddleDetector.cs using Guid(1db772941903f4e42aa5fdc412161ed0) Importer(815301076,1909f56bfc062723c751e8b465ee728b)  -> (artifact id: '7e73b6f19d1f21ce0ccd952208d84821') in 0.002350 seconds
Number of updated asset objects reloaded before import = 0
Number of asset objects unloaded after import = 0
========================================================================
Received Prepare
Begin MonoManager ReloadAssembly
- Loaded All Assemblies, in  0.523 seconds
Refreshing native plugins compatible for Editor in 3.82 ms, found 3 plugins.
Native extension for WindowsStandalone target not found
Native extension for Android target not found
[Package Manager] Server::EnsureServerProcessIsRunning -- launch failed, reason: Unity was launched with the -noUpm command-line argument
[Package Manager] UpmClient::Send -- Unable to send message (not connected to UPM process).
[Package Manager] Cannot connect to Unity Package Manager local server
Mono: successfully reloaded assembly
- Finished resetting the current domain, in  0.869 seconds
Domain Reload Profiling: 1389ms
	BeginReloadAssembly (169ms)
		ExecutionOrderSort (0ms)
		DisableScriptedObjects (5ms)
		BackupInstance (0ms)
		ReleaseScriptingObjects (0ms)
		CreateAndSetChildDomain (39ms)
	RebuildCommonClasses (33ms)
	RebuildNativeTypeToScriptingClass (11ms)
	initialDomainReloadingComplete (31ms)
	LoadAllAssembliesAndSetupDomain (275ms)
		LoadAssemblies (348ms)
		RebuildTransferFunctionScriptingTraits (0ms)
		AnalyzeDomain (22ms)
			TypeCache.Refresh (10ms)
				TypeCache.ScanAssembly (0ms)
			ScanForSourceGeneratedMonoScriptInfo (6ms)
			ResolveRequiredComponents (5ms)
	FinalizeReload (869ms)
		ReleaseScriptCaches (0ms)
		RebuildScriptCaches (0ms)
		SetupLoadedEditorAssemblies (387ms)
			LogAssemblyErrors (0ms)
			InitializePlatformSupportModulesInManaged (24ms)
			SetLoadedEditorAssemblies (4ms)
			RefreshPlugins (0ms)
			BeforeProcessingInitializeOnLoad (65ms)
			ProcessInitializeOnLoadAttributes (264ms)
			ProcessInitializeOnLoadMethodAttributes (18ms)
			AfterProcessingInitializeOnLoad (10ms)
			EditorAssembliesLoaded (0ms)
		ExecutionOrderSort2 (0ms)
		AwakeInstancesAfterBackupRestoration (9ms)
Refreshing native plugins compatible for Editor in 3.42 ms, found 3 plugins.
Preloading 0 native plugins for Editor in 0.00 ms.
Unloading 3261 Unused Serialized files (Serialized files now loaded: 0)
Unloading 24 unused Assets / (102.2 KB). Loaded Objects now: 3781.
Memory consumption went from 139.9 MB to 139.8 MB.
Total: 2.964700 ms (FindLiveObjects: 0.275400 ms CreateObjectMapping: 0.190200 ms MarkObjects: 2.441400 ms  DeleteObjects: 0.056900 ms)

Prepare: number of updated asset objects reloaded= 0
AssetImportParameters requested are different than current active one (requested -> active):
  custom:container-demuxer-ogg: 62fdf1f143b41e24485cea50d1cbac27 -> 
  custom:video-decoder-ogg-theora: a1e56fd34408186e4bbccfd4996cb3dc -> 
  custom:framework-win-MediaFoundation: 216162199b28c13a410421893ffa2e32 -> 
  custom:CustomObjectIndexerAttribute: 756ad292c208cfabdd7b50bc23989ffe -> 
  custom:container-demuxer-webm: 4f35f7cbe854078d1ac9338744f61a02 -> 
  custom:container-muxer-webm: aa71ff27fc2769a1b78a27578f13a17b -> 
  custom:video-decoder-webm-vp8: 9c59270c3fd7afecdb556c50c9e8de78 -> 
  custom:SearchIndexIgnoredProperties: e643bd26f0fe6173181afceb89e7c659 -> 
  custom:AudioImporter_EditorPlatform: d09bf68614088b80899f8185d706f6e7 -> 
  custom:video-encoder-webm-vp8: eb34c28f22e8b96e1ab97ce403110664 -> 
  custom:audio-decoder-ogg-vorbis: bf7c407c2cedff20999df2af8eb42d56 -> 
  custom:audio-encoder-webm-vorbis: bf7c407c2cedff20999df2af8eb42d56 -> 
========================================================================
Received Import Request.
  Time since last request: 4.982006 seconds.
  path: Assets/Scripts/Detectors/MiddleDetector.cs
  artifactKey: Guid(1db772941903f4e42aa5fdc412161ed0) Importer(815301076,1909f56bfc062723c751e8b465ee728b)
Start importing Assets/Scripts/Detectors/MiddleDetector.cs using Guid(1db772941903f4e42aa5fdc412161ed0) Importer(815301076,1909f56bfc062723c751e8b465ee728b)  -> (artifact id: '480be96e41e5ca843e744bef73d7ab2e') in 0.002436 seconds
Number of updated asset objects reloaded before import = 0
Number of asset objects unloaded after import = 0
========================================================================
Received Import Request.
  Time since last request: 11.847865 seconds.
  path: Assets/Scripts/Detectors/BackDetector.cs
  artifactKey: Guid(30d9c9f59becb54488a1fd270bf2e437) Importer(815301076,1909f56bfc062723c751e8b465ee728b)
Start importing Assets/Scripts/Detectors/BackDetector.cs using Guid(30d9c9f59becb54488a1fd270bf2e437) Importer(815301076,1909f56bfc062723c751e8b465ee728b)  -> (artifact id: '33cf7950528230b9d60d0aa5001309a0') in 0.000561 seconds
Number of updated asset objects reloaded before import = 0
Number of asset objects unloaded after import = 0
========================================================================
Received Prepare
Begin MonoManager ReloadAssembly
- Loaded All Assemblies, in  0.535 seconds
Refreshing native plugins compatible for Editor in 3.41 ms, found 3 plugins.
Native extension for WindowsStandalone target not found
Native extension for Android target not found
[Package Manager] Server::EnsureServerProcessIsRunning -- launch failed, reason: Unity was launched with the -noUpm command-line argument
[Package Manager] UpmClient::Send -- Unable to send message (not connected to UPM process).
[Package Manager] Cannot connect to Unity Package Manager local server
Mono: successfully reloaded assembly
- Finished resetting the current domain, in  0.846 seconds
Domain Reload Profiling: 1378ms
	BeginReloadAssembly (189ms)
		ExecutionOrderSort (0ms)
		DisableScriptedObjects (7ms)
		BackupInstance (0ms)
		ReleaseScriptingObjects (0ms)
		CreateAndSetChildDomain (34ms)
	RebuildCommonClasses (34ms)
	RebuildNativeTypeToScriptingClass (11ms)
	initialDomainReloadingComplete (31ms)
	LoadAllAssembliesAndSetupDomain (267ms)
		LoadAssemblies (360ms)
		RebuildTransferFunctionScriptingTraits (0ms)
		AnalyzeDomain (22ms)
			TypeCache.Refresh (8ms)
				TypeCache.ScanAssembly (0ms)
			ScanForSourceGeneratedMonoScriptInfo (6ms)
			ResolveRequiredComponents (6ms)
	FinalizeReload (846ms)
		ReleaseScriptCaches (0ms)
		RebuildScriptCaches (0ms)
		SetupLoadedEditorAssemblies (387ms)
			LogAssemblyErrors (0ms)
			InitializePlatformSupportModulesInManaged (28ms)
			SetLoadedEditorAssemblies (3ms)
			RefreshPlugins (0ms)
			BeforeProcessingInitializeOnLoad (64ms)
			ProcessInitializeOnLoadAttributes (264ms)
			ProcessInitializeOnLoadMethodAttributes (19ms)
			AfterProcessingInitializeOnLoad (9ms)
			EditorAssembliesLoaded (0ms)
		ExecutionOrderSort2 (0ms)
		AwakeInstancesAfterBackupRestoration (8ms)
Refreshing native plugins compatible for Editor in 3.56 ms, found 3 plugins.
Preloading 0 native plugins for Editor in 0.00 ms.
Unloading 3262 Unused Serialized files (Serialized files now loaded: 0)
Unloading 24 unused Assets / (102.2 KB). Loaded Objects now: 3797.
Memory consumption went from 141.9 MB to 141.8 MB.
Total: 3.201600 ms (FindLiveObjects: 0.339100 ms CreateObjectMapping: 0.214300 ms MarkObjects: 2.585700 ms  DeleteObjects: 0.061600 ms)

Prepare: number of updated asset objects reloaded= 0
AssetImportParameters requested are different than current active one (requested -> active):
  custom:container-demuxer-ogg: 62fdf1f143b41e24485cea50d1cbac27 -> 
  custom:video-decoder-ogg-theora: a1e56fd34408186e4bbccfd4996cb3dc -> 
  custom:framework-win-MediaFoundation: 216162199b28c13a410421893ffa2e32 -> 
  custom:CustomObjectIndexerAttribute: 756ad292c208cfabdd7b50bc23989ffe -> 
  custom:container-demuxer-webm: 4f35f7cbe854078d1ac9338744f61a02 -> 
  custom:container-muxer-webm: aa71ff27fc2769a1b78a27578f13a17b -> 
  custom:video-decoder-webm-vp8: 9c59270c3fd7afecdb556c50c9e8de78 -> 
  custom:SearchIndexIgnoredProperties: e643bd26f0fe6173181afceb89e7c659 -> 
  custom:AudioImporter_EditorPlatform: d09bf68614088b80899f8185d706f6e7 -> 
  custom:video-encoder-webm-vp8: eb34c28f22e8b96e1ab97ce403110664 -> 
  custom:audio-decoder-ogg-vorbis: bf7c407c2cedff20999df2af8eb42d56 -> 
  custom:audio-encoder-webm-vorbis: bf7c407c2cedff20999df2af8eb42d56 -> 
========================================================================
Received Import Request.
  Time since last request: 4.997966 seconds.
  path: Assets/Scripts/Detectors/BackDetector.cs
  artifactKey: Guid(30d9c9f59becb54488a1fd270bf2e437) Importer(815301076,1909f56bfc062723c751e8b465ee728b)
Start importing Assets/Scripts/Detectors/BackDetector.cs using Guid(30d9c9f59becb54488a1fd270bf2e437) Importer(815301076,1909f56bfc062723c751e8b465ee728b)  -> (artifact id: '1cb031dec1a2e748048e190322f54625') in 0.002193 seconds
Number of updated asset objects reloaded before import = 0
Number of asset objects unloaded after import = 0
========================================================================
Received Import Request.
  Time since last request: 70.764749 seconds.
  path: Assets/Prefabs/Vehicles/Ambulance.prefab
  artifactKey: Guid(36d15590bc5271e4c9a6a252f4fdb880) Importer(815301076,1909f56bfc062723c751e8b465ee728b)
Start importing Assets/Prefabs/Vehicles/Ambulance.prefab using Guid(36d15590bc5271e4c9a6a252f4fdb880) Importer(815301076,1909f56bfc062723c751e8b465ee728b)  -> (artifact id: '78325722448970bd8b901e3e1efba07b') in 0.159479 seconds
Number of updated asset objects reloaded before import = 0
Number of asset objects unloaded after import = 42
========================================================================
Received Import Request.
  Time since last request: 6.890629 seconds.
  path: Assets/Prefabs/Vehicles/Ambulance.prefab
  artifactKey: Guid(36d15590bc5271e4c9a6a252f4fdb880) Importer(815301076,1909f56bfc062723c751e8b465ee728b)
Start importing Assets/Prefabs/Vehicles/Ambulance.prefab using Guid(36d15590bc5271e4c9a6a252f4fdb880) Importer(815301076,1909f56bfc062723c751e8b465ee728b)  -> (artifact id: '30045307097ac79e378e534ed18339b4') in 0.017807 seconds
Number of updated asset objects reloaded before import = 0
Number of asset objects unloaded after import = 42
========================================================================
Received Import Request.
  Time since last request: 2.009121 seconds.
  path: Assets/Prefabs/Vehicles/Ambulance.prefab
  artifactKey: Guid(36d15590bc5271e4c9a6a252f4fdb880) Importer(815301076,1909f56bfc062723c751e8b465ee728b)
Start importing Assets/Prefabs/Vehicles/Ambulance.prefab using Guid(36d15590bc5271e4c9a6a252f4fdb880) Importer(815301076,1909f56bfc062723c751e8b465ee728b)  -> (artifact id: '44225649fdb1214f42a92781c0ecd333') in 0.008936 seconds
Number of updated asset objects reloaded before import = 0
Number of asset objects unloaded after import = 42
========================================================================
Received Import Request.
  Time since last request: 2.809568 seconds.
  path: Assets/Prefabs/Vehicles/Ambulance.prefab
  artifactKey: Guid(36d15590bc5271e4c9a6a252f4fdb880) Importer(815301076,1909f56bfc062723c751e8b465ee728b)
Start importing Assets/Prefabs/Vehicles/Ambulance.prefab using Guid(36d15590bc5271e4c9a6a252f4fdb880) Importer(815301076,1909f56bfc062723c751e8b465ee728b)  -> (artifact id: 'a5bfcc638e866a1dbaaffeb1eb171c44') in 0.008363 seconds
Number of updated asset objects reloaded before import = 0
Number of asset objects unloaded after import = 42
========================================================================
Received Import Request.
  Time since last request: 1.625236 seconds.
  path: Assets/Prefabs/Vehicles/Ambulance.prefab
  artifactKey: Guid(36d15590bc5271e4c9a6a252f4fdb880) Importer(815301076,1909f56bfc062723c751e8b465ee728b)
Start importing Assets/Prefabs/Vehicles/Ambulance.prefab using Guid(36d15590bc5271e4c9a6a252f4fdb880) Importer(815301076,1909f56bfc062723c751e8b465ee728b)  -> (artifact id: 'd15e211b65788bb044baa56109e3b93f') in 0.007834 seconds
Number of updated asset objects reloaded before import = 0
Number of asset objects unloaded after import = 42
========================================================================
Received Import Request.
  Time since last request: 3.216840 seconds.
  path: Assets/Prefabs/Vehicles/Ambulance.prefab
  artifactKey: Guid(36d15590bc5271e4c9a6a252f4fdb880) Importer(815301076,1909f56bfc062723c751e8b465ee728b)
Start importing Assets/Prefabs/Vehicles/Ambulance.prefab using Guid(36d15590bc5271e4c9a6a252f4fdb880) Importer(815301076,1909f56bfc062723c751e8b465ee728b)  -> (artifact id: '89163fd956da988ac96107b5743ba65f') in 0.007527 seconds
Number of updated asset objects reloaded before import = 0
Number of asset objects unloaded after import = 42
========================================================================
Received Import Request.
  Time since last request: 3.628846 seconds.
  path: Assets/Prefabs/Vehicles/Ambulance.prefab
  artifactKey: Guid(36d15590bc5271e4c9a6a252f4fdb880) Importer(815301076,1909f56bfc062723c751e8b465ee728b)
Start importing Assets/Prefabs/Vehicles/Ambulance.prefab using Guid(36d15590bc5271e4c9a6a252f4fdb880) Importer(815301076,1909f56bfc062723c751e8b465ee728b)  -> (artifact id: 'd0e892daa861a58a6fcd56178d491661') in 0.009119 seconds
Number of updated asset objects reloaded before import = 0
Number of asset objects unloaded after import = 42
========================================================================
Received Import Request.
  Time since last request: 150.487469 seconds.
  path: Assets/Prefabs/Vehicles/Bus.prefab
  artifactKey: Guid(d7815e648adb9e646b4e8c5ec9f63c4c) Importer(815301076,1909f56bfc062723c751e8b465ee728b)
Start importing Assets/Prefabs/Vehicles/Bus.prefab using Guid(d7815e648adb9e646b4e8c5ec9f63c4c) Importer(815301076,1909f56bfc062723c751e8b465ee728b)  -> (artifact id: '9699e486ecdefacc21fd4450a3f300ea') in 0.015966 seconds
Number of updated asset objects reloaded before import = 0
Number of asset objects unloaded after import = 42
========================================================================
Received Import Request.
  Time since last request: 2.795719 seconds.
  path: Assets/Prefabs/Vehicles/Bus.prefab
  artifactKey: Guid(d7815e648adb9e646b4e8c5ec9f63c4c) Importer(815301076,1909f56bfc062723c751e8b465ee728b)
Start importing Assets/Prefabs/Vehicles/Bus.prefab using Guid(d7815e648adb9e646b4e8c5ec9f63c4c) Importer(815301076,1909f56bfc062723c751e8b465ee728b)  -> (artifact id: 'a71f0672d934d288b0e23b73aaef48a9') in 0.007506 seconds
Number of updated asset objects reloaded before import = 0
Number of asset objects unloaded after import = 42
========================================================================
Received Import Request.
  Time since last request: 0.991171 seconds.
  path: Assets/Prefabs/Vehicles/Bus.prefab
  artifactKey: Guid(d7815e648adb9e646b4e8c5ec9f63c4c) Importer(815301076,1909f56bfc062723c751e8b465ee728b)
Start importing Assets/Prefabs/Vehicles/Bus.prefab using Guid(d7815e648adb9e646b4e8c5ec9f63c4c) Importer(815301076,1909f56bfc062723c751e8b465ee728b)  -> (artifact id: '52aa9bdbbaa2864af462c828f9a5ab19') in 0.008984 seconds
Number of updated asset objects reloaded before import = 0
Number of asset objects unloaded after import = 42
========================================================================
Received Import Request.
  Time since last request: 4.441002 seconds.
  path: Assets/Prefabs/Vehicles/Bus.prefab
  artifactKey: Guid(d7815e648adb9e646b4e8c5ec9f63c4c) Importer(815301076,1909f56bfc062723c751e8b465ee728b)
Start importing Assets/Prefabs/Vehicles/Bus.prefab using Guid(d7815e648adb9e646b4e8c5ec9f63c4c) Importer(815301076,1909f56bfc062723c751e8b465ee728b)  -> (artifact id: '6c5388a133cacbfe55eff3bc1c701d39') in 0.007545 seconds
Number of updated asset objects reloaded before import = 0
Number of asset objects unloaded after import = 42
========================================================================
Received Import Request.
  Time since last request: 1.810282 seconds.
  path: Assets/Prefabs/Vehicles/Bus.prefab
  artifactKey: Guid(d7815e648adb9e646b4e8c5ec9f63c4c) Importer(815301076,1909f56bfc062723c751e8b465ee728b)
Start importing Assets/Prefabs/Vehicles/Bus.prefab using Guid(d7815e648adb9e646b4e8c5ec9f63c4c) Importer(815301076,1909f56bfc062723c751e8b465ee728b)  -> (artifact id: 'f54f63da77d55ca9e2ed6e0234a77190') in 0.007363 seconds
Number of updated asset objects reloaded before import = 0
Number of asset objects unloaded after import = 42
========================================================================
Received Import Request.
  Time since last request: 6.637106 seconds.
  path: Assets/Prefabs/Vehicles/Bus.prefab
  artifactKey: Guid(d7815e648adb9e646b4e8c5ec9f63c4c) Importer(815301076,1909f56bfc062723c751e8b465ee728b)
Start importing Assets/Prefabs/Vehicles/Bus.prefab using Guid(d7815e648adb9e646b4e8c5ec9f63c4c) Importer(815301076,1909f56bfc062723c751e8b465ee728b)  -> (artifact id: '13cf692c244be18dfa8a620e442c0481') in 0.017074 seconds
Number of updated asset objects reloaded before import = 0
Number of asset objects unloaded after import = 42
========================================================================
Received Import Request.
  Time since last request: 3.009271 seconds.
  path: Assets/Prefabs/Vehicles/Bus.prefab
  artifactKey: Guid(d7815e648adb9e646b4e8c5ec9f63c4c) Importer(815301076,1909f56bfc062723c751e8b465ee728b)
Start importing Assets/Prefabs/Vehicles/Bus.prefab using Guid(d7815e648adb9e646b4e8c5ec9f63c4c) Importer(815301076,1909f56bfc062723c751e8b465ee728b)  -> (artifact id: 'df43724efd14b21ed0fbb39b2dd5ed3b') in 0.007268 seconds
Number of updated asset objects reloaded before import = 0
Number of asset objects unloaded after import = 42
========================================================================
Received Import Request.
  Time since last request: 11.680921 seconds.
  path: Assets/Prefabs/Vehicles/Bus.prefab
  artifactKey: Guid(d7815e648adb9e646b4e8c5ec9f63c4c) Importer(815301076,1909f56bfc062723c751e8b465ee728b)
Start importing Assets/Prefabs/Vehicles/Bus.prefab using Guid(d7815e648adb9e646b4e8c5ec9f63c4c) Importer(815301076,1909f56bfc062723c751e8b465ee728b)  -> (artifact id: '8a6453866aca9c32f3d70144d1d7e707') in 0.007379 seconds
Number of updated asset objects reloaded before import = 0
Number of asset objects unloaded after import = 42
========================================================================
Received Import Request.
  Time since last request: 9.732609 seconds.
  path: Assets/Prefabs/Vehicles/Bus.prefab
  artifactKey: Guid(d7815e648adb9e646b4e8c5ec9f63c4c) Importer(815301076,1909f56bfc062723c751e8b465ee728b)
Start importing Assets/Prefabs/Vehicles/Bus.prefab using Guid(d7815e648adb9e646b4e8c5ec9f63c4c) Importer(815301076,1909f56bfc062723c751e8b465ee728b)  -> (artifact id: '7e0639b3c54b4d58bddd4c4f13f768f9') in 0.010406 seconds
Number of updated asset objects reloaded before import = 0
Number of asset objects unloaded after import = 42
========================================================================
Received Import Request.
  Time since last request: 3.177448 seconds.
  path: Assets/Prefabs/Vehicles/Bus.prefab
  artifactKey: Guid(d7815e648adb9e646b4e8c5ec9f63c4c) Importer(815301076,1909f56bfc062723c751e8b465ee728b)
Start importing Assets/Prefabs/Vehicles/Bus.prefab using Guid(d7815e648adb9e646b4e8c5ec9f63c4c) Importer(815301076,1909f56bfc062723c751e8b465ee728b)  -> (artifact id: '05c7150ff3fc2c3ca37ed2f3c82f32f4') in 0.007359 seconds
Number of updated asset objects reloaded before import = 0
Number of asset objects unloaded after import = 42
========================================================================
Received Import Request.
  Time since last request: 60.552289 seconds.
  path: Assets/Prefabs/Vehicles/Ambulance.prefab
  artifactKey: Guid(36d15590bc5271e4c9a6a252f4fdb880) Importer(815301076,1909f56bfc062723c751e8b465ee728b)
Start importing Assets/Prefabs/Vehicles/Ambulance.prefab using Guid(36d15590bc5271e4c9a6a252f4fdb880) Importer(815301076,1909f56bfc062723c751e8b465ee728b)  -> (artifact id: '0334575208a18e4b7980391301a21a77') in 0.016666 seconds
Number of updated asset objects reloaded before import = 0
Number of asset objects unloaded after import = 42
========================================================================
Received Import Request.
  Time since last request: 9.647002 seconds.
  path: Assets/Prefabs/Vehicles/Bus.prefab
  artifactKey: Guid(d7815e648adb9e646b4e8c5ec9f63c4c) Importer(815301076,1909f56bfc062723c751e8b465ee728b)
Start importing Assets/Prefabs/Vehicles/Bus.prefab using Guid(d7815e648adb9e646b4e8c5ec9f63c4c) Importer(815301076,1909f56bfc062723c751e8b465ee728b)  -> (artifact id: 'da4c5459936b5bf60ca706c81632c402') in 0.010009 seconds
Number of updated asset objects reloaded before import = 0
Number of asset objects unloaded after import = 42
========================================================================
Received Import Request.
  Time since last request: 6.260108 seconds.
  path: Assets/Prefabs/Vehicles/Police Car.prefab
  artifactKey: Guid(40d4aad535f38a84ab5f45deddf61444) Importer(815301076,1909f56bfc062723c751e8b465ee728b)
Start importing Assets/Prefabs/Vehicles/Police Car.prefab using Guid(40d4aad535f38a84ab5f45deddf61444) Importer(815301076,1909f56bfc062723c751e8b465ee728b)  -> (artifact id: '6f058894c573f1d39100f0c29796361c') in 0.015526 seconds
Number of updated asset objects reloaded before import = 0
Number of asset objects unloaded after import = 42
========================================================================
Received Import Request.
  Time since last request: 4.833428 seconds.
  path: Assets/Prefabs/Vehicles/Police Car.prefab
  artifactKey: Guid(40d4aad535f38a84ab5f45deddf61444) Importer(815301076,1909f56bfc062723c751e8b465ee728b)
Start importing Assets/Prefabs/Vehicles/Police Car.prefab using Guid(40d4aad535f38a84ab5f45deddf61444) Importer(815301076,1909f56bfc062723c751e8b465ee728b)  -> (artifact id: '29341ef851690db4329e73dea3feab8d') in 0.008086 seconds
Number of updated asset objects reloaded before import = 0
Number of asset objects unloaded after import = 42
========================================================================
Received Import Request.
  Time since last request: 6.666368 seconds.
  path: Assets/Prefabs/Vehicles/Police Car.prefab
  artifactKey: Guid(40d4aad535f38a84ab5f45deddf61444) Importer(815301076,1909f56bfc062723c751e8b465ee728b)
Start importing Assets/Prefabs/Vehicles/Police Car.prefab using Guid(40d4aad535f38a84ab5f45deddf61444) Importer(815301076,1909f56bfc062723c751e8b465ee728b)  -> (artifact id: 'aead64fa2d153662136a95421875a45c') in 0.007470 seconds
Number of updated asset objects reloaded before import = 0
Number of asset objects unloaded after import = 42
========================================================================
Received Import Request.
  Time since last request: 4.426092 seconds.
  path: Assets/Prefabs/Vehicles/Police Car.prefab
  artifactKey: Guid(40d4aad535f38a84ab5f45deddf61444) Importer(815301076,1909f56bfc062723c751e8b465ee728b)
Start importing Assets/Prefabs/Vehicles/Police Car.prefab using Guid(40d4aad535f38a84ab5f45deddf61444) Importer(815301076,1909f56bfc062723c751e8b465ee728b)  -> (artifact id: '8d998bd686b91c920397ab5c9539a4fb') in 0.007360 seconds
Number of updated asset objects reloaded before import = 0
Number of asset objects unloaded after import = 42
========================================================================
Received Import Request.
  Time since last request: 1.625050 seconds.
  path: Assets/Prefabs/Vehicles/Police Car.prefab
  artifactKey: Guid(40d4aad535f38a84ab5f45deddf61444) Importer(815301076,1909f56bfc062723c751e8b465ee728b)
Start importing Assets/Prefabs/Vehicles/Police Car.prefab using Guid(40d4aad535f38a84ab5f45deddf61444) Importer(815301076,1909f56bfc062723c751e8b465ee728b)  -> (artifact id: '162071b9e89f8f77a79855f1533980ba') in 0.008020 seconds
Number of updated asset objects reloaded before import = 0
Number of asset objects unloaded after import = 42
========================================================================
Received Import Request.
  Time since last request: 3.802309 seconds.
  path: Assets/Prefabs/Vehicles/Police Car.prefab
  artifactKey: Guid(40d4aad535f38a84ab5f45deddf61444) Importer(815301076,1909f56bfc062723c751e8b465ee728b)
Start importing Assets/Prefabs/Vehicles/Police Car.prefab using Guid(40d4aad535f38a84ab5f45deddf61444) Importer(815301076,1909f56bfc062723c751e8b465ee728b)  -> (artifact id: 'c50d299955b5513eed85a1517f258b3c') in 0.008086 seconds
Number of updated asset objects reloaded before import = 0
Number of asset objects unloaded after import = 42
========================================================================
Received Import Request.
  Time since last request: 2.022079 seconds.
  path: Assets/Prefabs/Vehicles/Police Car.prefab
  artifactKey: Guid(40d4aad535f38a84ab5f45deddf61444) Importer(815301076,1909f56bfc062723c751e8b465ee728b)
Start importing Assets/Prefabs/Vehicles/Police Car.prefab using Guid(40d4aad535f38a84ab5f45deddf61444) Importer(815301076,1909f56bfc062723c751e8b465ee728b)  -> (artifact id: 'fd21f4f9d8a8ad5cb7fc69a7e382986d') in 0.010671 seconds
Number of updated asset objects reloaded before import = 0
Number of asset objects unloaded after import = 42
========================================================================
Received Import Request.
  Time since last request: 2.218045 seconds.
  path: Assets/Prefabs/Vehicles/Police Car.prefab
  artifactKey: Guid(40d4aad535f38a84ab5f45deddf61444) Importer(815301076,1909f56bfc062723c751e8b465ee728b)
Start importing Assets/Prefabs/Vehicles/Police Car.prefab using Guid(40d4aad535f38a84ab5f45deddf61444) Importer(815301076,1909f56bfc062723c751e8b465ee728b)  -> (artifact id: 'ae49d365b588a588a3adff1d8523c479') in 0.008192 seconds
Number of updated asset objects reloaded before import = 0
Number of asset objects unloaded after import = 42
========================================================================
Received Import Request.
  Time since last request: 36.334578 seconds.
  path: Assets/Prefabs/Vehicles/Police Car.prefab
  artifactKey: Guid(40d4aad535f38a84ab5f45deddf61444) Importer(815301076,1909f56bfc062723c751e8b465ee728b)
Start importing Assets/Prefabs/Vehicles/Police Car.prefab using Guid(40d4aad535f38a84ab5f45deddf61444) Importer(815301076,1909f56bfc062723c751e8b465ee728b)  -> (artifact id: '2dc3e648c9b44793d16364eb83754e01') in 0.012856 seconds
Number of updated asset objects reloaded before import = 0
Number of asset objects unloaded after import = 42
========================================================================
Received Import Request.
  Time since last request: 10.070427 seconds.
  path: Assets/Prefabs/Vehicles/Sedan.prefab
  artifactKey: Guid(a4dab8b0f9a97ce46a08ea45cd6eabae) Importer(815301076,1909f56bfc062723c751e8b465ee728b)
Start importing Assets/Prefabs/Vehicles/Sedan.prefab using Guid(a4dab8b0f9a97ce46a08ea45cd6eabae) Importer(815301076,1909f56bfc062723c751e8b465ee728b)  -> (artifact id: 'bf08fb1f498cc11c94ca3015f3a5348f') in 0.014502 seconds
Number of updated asset objects reloaded before import = 0
Number of asset objects unloaded after import = 42
========================================================================
Received Import Request.
  Time since last request: 4.414477 seconds.
  path: Assets/Prefabs/Vehicles/Sedan.prefab
  artifactKey: Guid(a4dab8b0f9a97ce46a08ea45cd6eabae) Importer(815301076,1909f56bfc062723c751e8b465ee728b)
Start importing Assets/Prefabs/Vehicles/Sedan.prefab using Guid(a4dab8b0f9a97ce46a08ea45cd6eabae) Importer(815301076,1909f56bfc062723c751e8b465ee728b)  -> (artifact id: '73f4ba4d41add3ed88d9d1e894c58a98') in 0.013510 seconds
Number of updated asset objects reloaded before import = 0
Number of asset objects unloaded after import = 42
========================================================================
Received Import Request.
  Time since last request: 3.839207 seconds.
  path: Assets/Prefabs/Vehicles/Sedan.prefab
  artifactKey: Guid(a4dab8b0f9a97ce46a08ea45cd6eabae) Importer(815301076,1909f56bfc062723c751e8b465ee728b)
Start importing Assets/Prefabs/Vehicles/Sedan.prefab using Guid(a4dab8b0f9a97ce46a08ea45cd6eabae) Importer(815301076,1909f56bfc062723c751e8b465ee728b)  -> (artifact id: 'f396709ba58ea0344933ef177b2a16ed') in 0.007595 seconds
Number of updated asset objects reloaded before import = 0
Number of asset objects unloaded after import = 42
========================================================================
Received Import Request.
  Time since last request: 3.001343 seconds.
  path: Assets/Prefabs/Vehicles/Sedan.prefab
  artifactKey: Guid(a4dab8b0f9a97ce46a08ea45cd6eabae) Importer(815301076,1909f56bfc062723c751e8b465ee728b)
Start importing Assets/Prefabs/Vehicles/Sedan.prefab using Guid(a4dab8b0f9a97ce46a08ea45cd6eabae) Importer(815301076,1909f56bfc062723c751e8b465ee728b)  -> (artifact id: '7761efb00c528d55ef4c30ca8d41edb3') in 0.008640 seconds
Number of updated asset objects reloaded before import = 0
Number of asset objects unloaded after import = 42
========================================================================
Received Import Request.
  Time since last request: 1.009206 seconds.
  path: Assets/Prefabs/Vehicles/Sedan.prefab
  artifactKey: Guid(a4dab8b0f9a97ce46a08ea45cd6eabae) Importer(815301076,1909f56bfc062723c751e8b465ee728b)
Start importing Assets/Prefabs/Vehicles/Sedan.prefab using Guid(a4dab8b0f9a97ce46a08ea45cd6eabae) Importer(815301076,1909f56bfc062723c751e8b465ee728b)  -> (artifact id: '0ec9feef0d085ba719be87823658ab1a') in 0.008109 seconds
Number of updated asset objects reloaded before import = 0
Number of asset objects unloaded after import = 42
========================================================================
Received Import Request.
  Time since last request: 2.795851 seconds.
  path: Assets/Prefabs/Vehicles/Sedan.prefab
  artifactKey: Guid(a4dab8b0f9a97ce46a08ea45cd6eabae) Importer(815301076,1909f56bfc062723c751e8b465ee728b)
Start importing Assets/Prefabs/Vehicles/Sedan.prefab using Guid(a4dab8b0f9a97ce46a08ea45cd6eabae) Importer(815301076,1909f56bfc062723c751e8b465ee728b)  -> (artifact id: '31763f7352053766f5b85f3d9e21dd2a') in 0.008332 seconds
Number of updated asset objects reloaded before import = 0
Number of asset objects unloaded after import = 42
========================================================================
Received Import Request.
  Time since last request: 57.685504 seconds.
  path: Assets/Prefabs/Vehicles/Sedan.prefab
  artifactKey: Guid(a4dab8b0f9a97ce46a08ea45cd6eabae) Importer(815301076,1909f56bfc062723c751e8b465ee728b)
Start importing Assets/Prefabs/Vehicles/Sedan.prefab using Guid(a4dab8b0f9a97ce46a08ea45cd6eabae) Importer(815301076,1909f56bfc062723c751e8b465ee728b)  -> (artifact id: 'e06ae24c88f4b33c7145feef487f869a') in 0.009144 seconds
Number of updated asset objects reloaded before import = 0
Number of asset objects unloaded after import = 42
========================================================================
Received Prepare
Begin MonoManager ReloadAssembly
- Loaded All Assemblies, in  0.606 seconds
Refreshing native plugins compatible for Editor in 3.84 ms, found 3 plugins.
Native extension for WindowsStandalone target not found
Native extension for Android target not found
[Package Manager] Server::EnsureServerProcessIsRunning -- launch failed, reason: Unity was launched with the -noUpm command-line argument
[Package Manager] UpmClient::Send -- Unable to send message (not connected to UPM process).
[Package Manager] Cannot connect to Unity Package Manager local server
Mono: successfully reloaded assembly
- Finished resetting the current domain, in  0.910 seconds
Domain Reload Profiling: 1513ms
	BeginReloadAssembly (185ms)
		ExecutionOrderSort (0ms)
		DisableScriptedObjects (5ms)
		BackupInstance (0ms)
		ReleaseScriptingObjects (0ms)
		CreateAndSetChildDomain (46ms)
	RebuildCommonClasses (32ms)
	RebuildNativeTypeToScriptingClass (11ms)
	initialDomainReloadingComplete (36ms)
	LoadAllAssembliesAndSetupDomain (338ms)
		LoadAssemblies (412ms)
		RebuildTransferFunctionScriptingTraits (0ms)
		AnalyzeDomain (27ms)
			TypeCache.Refresh (12ms)
				TypeCache.ScanAssembly (0ms)
			ScanForSourceGeneratedMonoScriptInfo (7ms)
			ResolveRequiredComponents (7ms)
	FinalizeReload (911ms)
		ReleaseScriptCaches (0ms)
		RebuildScriptCaches (0ms)
		SetupLoadedEditorAssemblies (389ms)
			LogAssemblyErrors (0ms)
			InitializePlatformSupportModulesInManaged (24ms)
			SetLoadedEditorAssemblies (3ms)
			RefreshPlugins (0ms)
			BeforeProcessingInitializeOnLoad (65ms)
			ProcessInitializeOnLoadAttributes (270ms)
			ProcessInitializeOnLoadMethodAttributes (19ms)
			AfterProcessingInitializeOnLoad (9ms)
			EditorAssembliesLoaded (0ms)
		ExecutionOrderSort2 (0ms)
		AwakeInstancesAfterBackupRestoration (8ms)
Refreshing native plugins compatible for Editor in 3.26 ms, found 3 plugins.
Preloading 0 native plugins for Editor in 0.00 ms.
Unloading 3262 Unused Serialized files (Serialized files now loaded: 0)
Unloading 24 unused Assets / (102.3 KB). Loaded Objects now: 3819.
Memory consumption went from 144.0 MB to 143.9 MB.
Total: 5.387100 ms (FindLiveObjects: 0.611800 ms CreateObjectMapping: 0.358200 ms MarkObjects: 4.326800 ms  DeleteObjects: 0.088700 ms)

Prepare: number of updated asset objects reloaded= 0
AssetImportParameters requested are different than current active one (requested -> active):
  custom:container-demuxer-ogg: 62fdf1f143b41e24485cea50d1cbac27 -> 
  custom:video-decoder-ogg-theora: a1e56fd34408186e4bbccfd4996cb3dc -> 
  custom:framework-win-MediaFoundation: 216162199b28c13a410421893ffa2e32 -> 
  custom:CustomObjectIndexerAttribute: 756ad292c208cfabdd7b50bc23989ffe -> 
  custom:container-demuxer-webm: 4f35f7cbe854078d1ac9338744f61a02 -> 
  custom:container-muxer-webm: aa71ff27fc2769a1b78a27578f13a17b -> 
  custom:video-decoder-webm-vp8: 9c59270c3fd7afecdb556c50c9e8de78 -> 
  custom:SearchIndexIgnoredProperties: e643bd26f0fe6173181afceb89e7c659 -> 
  custom:AudioImporter_EditorPlatform: d09bf68614088b80899f8185d706f6e7 -> 
  custom:video-encoder-webm-vp8: eb34c28f22e8b96e1ab97ce403110664 -> 
  custom:audio-decoder-ogg-vorbis: bf7c407c2cedff20999df2af8eb42d56 -> 
  custom:audio-encoder-webm-vorbis: bf7c407c2cedff20999df2af8eb42d56 -> 
========================================================================
Received Import Request.
  Time since last request: 2636.574785 seconds.
  path: Assets/Prefabs/Vehicles/Ambulance.prefab
  artifactKey: Guid(36d15590bc5271e4c9a6a252f4fdb880) Importer(815301076,1909f56bfc062723c751e8b465ee728b)
Start importing Assets/Prefabs/Vehicles/Ambulance.prefab using Guid(36d15590bc5271e4c9a6a252f4fdb880) Importer(815301076,1909f56bfc062723c751e8b465ee728b)  -> (artifact id: 'cf395246163e759d6523bbdf060a8395') in 0.082736 seconds
Number of updated asset objects reloaded before import = 0
Number of asset objects unloaded after import = 43
========================================================================
Received Import Request.
  Time since last request: 4.166660 seconds.
  path: Assets/Prefabs/Vehicles/Bus.prefab
  artifactKey: Guid(d7815e648adb9e646b4e8c5ec9f63c4c) Importer(815301076,1909f56bfc062723c751e8b465ee728b)
Start importing Assets/Prefabs/Vehicles/Bus.prefab using Guid(d7815e648adb9e646b4e8c5ec9f63c4c) Importer(815301076,1909f56bfc062723c751e8b465ee728b)  -> (artifact id: '059d0e0ea0c2c94898533c63ddb4bdc4') in 0.011960 seconds
Number of updated asset objects reloaded before import = 0
Number of asset objects unloaded after import = 43
========================================================================
Received Import Request.
  Time since last request: 5.249520 seconds.
  path: Assets/Prefabs/Vehicles/Police Car.prefab
  artifactKey: Guid(40d4aad535f38a84ab5f45deddf61444) Importer(815301076,1909f56bfc062723c751e8b465ee728b)
Start importing Assets/Prefabs/Vehicles/Police Car.prefab using Guid(40d4aad535f38a84ab5f45deddf61444) Importer(815301076,1909f56bfc062723c751e8b465ee728b)  -> (artifact id: 'd352262b0a14a4986dfb672153b3bbdc') in 0.008518 seconds
Number of updated asset objects reloaded before import = 0
Number of asset objects unloaded after import = 43
========================================================================
Received Import Request.
  Time since last request: 5.418673 seconds.
  path: Assets/Prefabs/Vehicles/Sedan.prefab
  artifactKey: Guid(a4dab8b0f9a97ce46a08ea45cd6eabae) Importer(815301076,1909f56bfc062723c751e8b465ee728b)
Start importing Assets/Prefabs/Vehicles/Sedan.prefab using Guid(a4dab8b0f9a97ce46a08ea45cd6eabae) Importer(815301076,1909f56bfc062723c751e8b465ee728b)  -> (artifact id: '16d41fe226b88fd02d810df813d2d325') in 0.012900 seconds
Number of updated asset objects reloaded before import = 0
Number of asset objects unloaded after import = 43
========================================================================
Received Prepare
Begin MonoManager ReloadAssembly
- Loaded All Assemblies, in  0.491 seconds
Refreshing native plugins compatible for Editor in 3.68 ms, found 3 plugins.
Native extension for WindowsStandalone target not found
Native extension for Android target not found
[Package Manager] Server::EnsureServerProcessIsRunning -- launch failed, reason: Unity was launched with the -noUpm command-line argument
[Package Manager] UpmClient::Send -- Unable to send message (not connected to UPM process).
[Package Manager] Cannot connect to Unity Package Manager local server
Mono: successfully reloaded assembly
- Finished resetting the current domain, in  1.017 seconds
Domain Reload Profiling: 1505ms
	BeginReloadAssembly (167ms)
		ExecutionOrderSort (0ms)
		DisableScriptedObjects (5ms)
		BackupInstance (0ms)
		ReleaseScriptingObjects (0ms)
		CreateAndSetChildDomain (36ms)
	RebuildCommonClasses (33ms)
	RebuildNativeTypeToScriptingClass (11ms)
	initialDomainReloadingComplete (33ms)
	LoadAllAssembliesAndSetupDomain (245ms)
		LoadAssemblies (323ms)
		RebuildTransferFunctionScriptingTraits (0ms)
		AnalyzeDomain (16ms)
			TypeCache.Refresh (8ms)
				TypeCache.ScanAssembly (0ms)
			ScanForSourceGeneratedMonoScriptInfo (0ms)
			ResolveRequiredComponents (6ms)
	FinalizeReload (1017ms)
		ReleaseScriptCaches (0ms)
		RebuildScriptCaches (0ms)
		SetupLoadedEditorAssemblies (485ms)
			LogAssemblyErrors (0ms)
			InitializePlatformSupportModulesInManaged (28ms)
			SetLoadedEditorAssemblies (5ms)
			RefreshPlugins (0ms)
			BeforeProcessingInitializeOnLoad (76ms)
			ProcessInitializeOnLoadAttributes (339ms)
			ProcessInitializeOnLoadMethodAttributes (25ms)
			AfterProcessingInitializeOnLoad (11ms)
			EditorAssembliesLoaded (0ms)
		ExecutionOrderSort2 (0ms)
		AwakeInstancesAfterBackupRestoration (10ms)
Refreshing native plugins compatible for Editor in 4.46 ms, found 3 plugins.
Preloading 0 native plugins for Editor in 0.00 ms.
Unloading 3262 Unused Serialized files (Serialized files now loaded: 0)
Unloading 24 unused Assets / (102.3 KB). Loaded Objects now: 3834.
Memory consumption went from 145.9 MB to 145.8 MB.
Total: 3.659400 ms (FindLiveObjects: 0.442500 ms CreateObjectMapping: 0.300200 ms MarkObjects: 2.840500 ms  DeleteObjects: 0.075000 ms)

Prepare: number of updated asset objects reloaded= 0
AssetImportParameters requested are different than current active one (requested -> active):
  custom:container-demuxer-ogg: 62fdf1f143b41e24485cea50d1cbac27 -> 
  custom:video-decoder-ogg-theora: a1e56fd34408186e4bbccfd4996cb3dc -> 
  custom:framework-win-MediaFoundation: 216162199b28c13a410421893ffa2e32 -> 
  custom:CustomObjectIndexerAttribute: 756ad292c208cfabdd7b50bc23989ffe -> 
  custom:container-demuxer-webm: 4f35f7cbe854078d1ac9338744f61a02 -> 
  custom:container-muxer-webm: aa71ff27fc2769a1b78a27578f13a17b -> 
  custom:video-decoder-webm-vp8: 9c59270c3fd7afecdb556c50c9e8de78 -> 
  custom:SearchIndexIgnoredProperties: e643bd26f0fe6173181afceb89e7c659 -> 
  custom:AudioImporter_EditorPlatform: d09bf68614088b80899f8185d706f6e7 -> 
  custom:video-encoder-webm-vp8: eb34c28f22e8b96e1ab97ce403110664 -> 
  custom:audio-decoder-ogg-vorbis: bf7c407c2cedff20999df2af8eb42d56 -> 
  custom:audio-encoder-webm-vorbis: bf7c407c2cedff20999df2af8eb42d56 -> 
========================================================================
Received Import Request.
  Time since last request: 294.403786 seconds.
  path: Assets/Prefabs/Vehicles/Ambulance.prefab
  artifactKey: Guid(36d15590bc5271e4c9a6a252f4fdb880) Importer(815301076,1909f56bfc062723c751e8b465ee728b)
Start importing Assets/Prefabs/Vehicles/Ambulance.prefab using Guid(36d15590bc5271e4c9a6a252f4fdb880) Importer(815301076,1909f56bfc062723c751e8b465ee728b)  -> (artifact id: 'f58ba11ea13e7b07054278b489c41913') in 0.069009 seconds
Number of updated asset objects reloaded before import = 0
Number of asset objects unloaded after import = 44
========================================================================
Received Import Request.
  Time since last request: 2.685008 seconds.
  path: Assets/Prefabs/Vehicles/Ambulance.prefab
  artifactKey: Guid(36d15590bc5271e4c9a6a252f4fdb880) Importer(815301076,1909f56bfc062723c751e8b465ee728b)
Start importing Assets/Prefabs/Vehicles/Ambulance.prefab using Guid(36d15590bc5271e4c9a6a252f4fdb880) Importer(815301076,1909f56bfc062723c751e8b465ee728b)  -> (artifact id: '1fe2ea23f783c2c3c91e0a6ef81bb4b6') in 0.009214 seconds
Number of updated asset objects reloaded before import = 0
Number of asset objects unloaded after import = 44
========================================================================
Received Import Request.
  Time since last request: 28.500009 seconds.
  path: Assets/Prefabs/Vehicles/Bus.prefab
  artifactKey: Guid(d7815e648adb9e646b4e8c5ec9f63c4c) Importer(815301076,1909f56bfc062723c751e8b465ee728b)
Start importing Assets/Prefabs/Vehicles/Bus.prefab using Guid(d7815e648adb9e646b4e8c5ec9f63c4c) Importer(815301076,1909f56bfc062723c751e8b465ee728b)  -> (artifact id: 'a9e035aa439f35cbd8d3c585b40a6507') in 0.007649 seconds
Number of updated asset objects reloaded before import = 0
Number of asset objects unloaded after import = 44
========================================================================
Received Import Request.
  Time since last request: 1.994489 seconds.
  path: Assets/Prefabs/Vehicles/Bus.prefab
  artifactKey: Guid(d7815e648adb9e646b4e8c5ec9f63c4c) Importer(815301076,1909f56bfc062723c751e8b465ee728b)
Start importing Assets/Prefabs/Vehicles/Bus.prefab using Guid(d7815e648adb9e646b4e8c5ec9f63c4c) Importer(815301076,1909f56bfc062723c751e8b465ee728b)  -> (artifact id: 'c5af911c1de6daf40928b410294f3be0') in 0.015852 seconds
Number of updated asset objects reloaded before import = 0
Number of asset objects unloaded after import = 44
========================================================================
Received Import Request.
  Time since last request: 4.239089 seconds.
  path: Assets/Prefabs/Vehicles/Ambulance.prefab
  artifactKey: Guid(36d15590bc5271e4c9a6a252f4fdb880) Importer(815301076,1909f56bfc062723c751e8b465ee728b)
Start importing Assets/Prefabs/Vehicles/Ambulance.prefab using Guid(36d15590bc5271e4c9a6a252f4fdb880) Importer(815301076,1909f56bfc062723c751e8b465ee728b)  -> (artifact id: '2a7d76435460341ae45946c1b8807616') in 0.012745 seconds
Number of updated asset objects reloaded before import = 0
Number of asset objects unloaded after import = 44
========================================================================
Received Import Request.
  Time since last request: 7.061716 seconds.
  path: Assets/Prefabs/Vehicles/Bus.prefab
  artifactKey: Guid(d7815e648adb9e646b4e8c5ec9f63c4c) Importer(815301076,1909f56bfc062723c751e8b465ee728b)
Start importing Assets/Prefabs/Vehicles/Bus.prefab using Guid(d7815e648adb9e646b4e8c5ec9f63c4c) Importer(815301076,1909f56bfc062723c751e8b465ee728b)  -> (artifact id: '755b70cecfdbb6f3f427e11852db967c') in 0.008545 seconds
Number of updated asset objects reloaded before import = 0
Number of asset objects unloaded after import = 44
========================================================================
Received Import Request.
  Time since last request: 3.196402 seconds.
  path: Assets/Prefabs/Vehicles/Police Car.prefab
  artifactKey: Guid(40d4aad535f38a84ab5f45deddf61444) Importer(815301076,1909f56bfc062723c751e8b465ee728b)
Start importing Assets/Prefabs/Vehicles/Police Car.prefab using Guid(40d4aad535f38a84ab5f45deddf61444) Importer(815301076,1909f56bfc062723c751e8b465ee728b)  -> (artifact id: 'd3f4890cf12fd833a3a3f0854a8dbcde') in 0.008264 seconds
Number of updated asset objects reloaded before import = 0
Number of asset objects unloaded after import = 43
========================================================================
Received Import Request.
  Time since last request: 2.210639 seconds.
  path: Assets/Prefabs/Vehicles/Sedan.prefab
  artifactKey: Guid(a4dab8b0f9a97ce46a08ea45cd6eabae) Importer(815301076,1909f56bfc062723c751e8b465ee728b)
Start importing Assets/Prefabs/Vehicles/Sedan.prefab using Guid(a4dab8b0f9a97ce46a08ea45cd6eabae) Importer(815301076,1909f56bfc062723c751e8b465ee728b)  -> (artifact id: '0ef454579fe43f0b0bd81bc5cefda886') in 0.013776 seconds
Number of updated asset objects reloaded before import = 0
Number of asset objects unloaded after import = 43
========================================================================
Received Import Request.
  Time since last request: 7.454061 seconds.
  path: Assets/Prefabs/Vehicles/Sedan.prefab
  artifactKey: Guid(a4dab8b0f9a97ce46a08ea45cd6eabae) Importer(815301076,1909f56bfc062723c751e8b465ee728b)
Start importing Assets/Prefabs/Vehicles/Sedan.prefab using Guid(a4dab8b0f9a97ce46a08ea45cd6eabae) Importer(815301076,1909f56bfc062723c751e8b465ee728b)  -> (artifact id: 'e3e24788996220a1d700ee35b722270e') in 0.010752 seconds
Number of updated asset objects reloaded before import = 0
Number of asset objects unloaded after import = 44
========================================================================
Received Import Request.
  Time since last request: 1.809288 seconds.
  path: Assets/Prefabs/Vehicles/Sedan.prefab
  artifactKey: Guid(a4dab8b0f9a97ce46a08ea45cd6eabae) Importer(815301076,1909f56bfc062723c751e8b465ee728b)
Start importing Assets/Prefabs/Vehicles/Sedan.prefab using Guid(a4dab8b0f9a97ce46a08ea45cd6eabae) Importer(815301076,1909f56bfc062723c751e8b465ee728b)  -> (artifact id: '32401195ab6b9c2378beb67640a0aeba') in 0.008315 seconds
Number of updated asset objects reloaded before import = 0
Number of asset objects unloaded after import = 44
========================================================================
Received Import Request.
  Time since last request: 3.023338 seconds.
  path: Assets/Prefabs/Vehicles/Police Car.prefab
  artifactKey: Guid(40d4aad535f38a84ab5f45deddf61444) Importer(815301076,1909f56bfc062723c751e8b465ee728b)
Start importing Assets/Prefabs/Vehicles/Police Car.prefab using Guid(40d4aad535f38a84ab5f45deddf61444) Importer(815301076,1909f56bfc062723c751e8b465ee728b)  -> (artifact id: 'b3b76acfaf1cfd3015c9e5dcb9c9dc5c') in 0.008213 seconds
Number of updated asset objects reloaded before import = 0
Number of asset objects unloaded after import = 44
========================================================================
Received Import Request.
  Time since last request: 0.992323 seconds.
  path: Assets/Prefabs/Vehicles/Police Car.prefab
  artifactKey: Guid(40d4aad535f38a84ab5f45deddf61444) Importer(815301076,1909f56bfc062723c751e8b465ee728b)
Start importing Assets/Prefabs/Vehicles/Police Car.prefab using Guid(40d4aad535f38a84ab5f45deddf61444) Importer(815301076,1909f56bfc062723c751e8b465ee728b)  -> (artifact id: 'fba795240c53872e7e975873b154de6c') in 0.008846 seconds
Number of updated asset objects reloaded before import = 0
Number of asset objects unloaded after import = 44
========================================================================
Received Import Request.
  Time since last request: 62.416633 seconds.
  path: Assets/Prefabs/Vehicles/Ambulance.prefab
  artifactKey: Guid(36d15590bc5271e4c9a6a252f4fdb880) Importer(815301076,1909f56bfc062723c751e8b465ee728b)
Start importing Assets/Prefabs/Vehicles/Ambulance.prefab using Guid(36d15590bc5271e4c9a6a252f4fdb880) Importer(815301076,1909f56bfc062723c751e8b465ee728b)  -> (artifact id: '08897f75e0ad500c1066fce4d70668b1') in 0.011390 seconds
Number of updated asset objects reloaded before import = 0
Number of asset objects unloaded after import = 44
========================================================================
Received Import Request.
  Time since last request: 0.379132 seconds.
  path: Assets/Prefabs/Vehicles/Ambulance.prefab
  artifactKey: Guid(36d15590bc5271e4c9a6a252f4fdb880) Importer(815301076,1909f56bfc062723c751e8b465ee728b)
Start importing Assets/Prefabs/Vehicles/Ambulance.prefab using Guid(36d15590bc5271e4c9a6a252f4fdb880) Importer(815301076,1909f56bfc062723c751e8b465ee728b)  -> (artifact id: 'f8086d6ea0b35ec97df30a1b9ca797d8') in 0.010193 seconds
Number of updated asset objects reloaded before import = 0
Number of asset objects unloaded after import = 44
========================================================================
Received Import Request.
  Time since last request: 0.420061 seconds.
  path: Assets/Prefabs/Vehicles/Ambulance.prefab
  artifactKey: Guid(36d15590bc5271e4c9a6a252f4fdb880) Importer(815301076,1909f56bfc062723c751e8b465ee728b)
Start importing Assets/Prefabs/Vehicles/Ambulance.prefab using Guid(36d15590bc5271e4c9a6a252f4fdb880) Importer(815301076,1909f56bfc062723c751e8b465ee728b)  -> (artifact id: '65055e6ef2008f1d8e67a865e96ef091') in 0.008955 seconds
Number of updated asset objects reloaded before import = 0
Number of asset objects unloaded after import = 44
========================================================================
Received Import Request.
  Time since last request: 2.013750 seconds.
  path: Assets/Prefabs/Vehicles/Bus.prefab
  artifactKey: Guid(d7815e648adb9e646b4e8c5ec9f63c4c) Importer(815301076,1909f56bfc062723c751e8b465ee728b)
Start importing Assets/Prefabs/Vehicles/Bus.prefab using Guid(d7815e648adb9e646b4e8c5ec9f63c4c) Importer(815301076,1909f56bfc062723c751e8b465ee728b)  -> (artifact id: 'e3e4d3b6f424a5eea3de02c83fbd7999') in 0.021543 seconds
Number of updated asset objects reloaded before import = 0
Number of asset objects unloaded after import = 44
========================================================================
Received Import Request.
  Time since last request: 0.366206 seconds.
  path: Assets/Prefabs/Vehicles/Bus.prefab
  artifactKey: Guid(d7815e648adb9e646b4e8c5ec9f63c4c) Importer(815301076,1909f56bfc062723c751e8b465ee728b)
Start importing Assets/Prefabs/Vehicles/Bus.prefab using Guid(d7815e648adb9e646b4e8c5ec9f63c4c) Importer(815301076,1909f56bfc062723c751e8b465ee728b)  -> (artifact id: 'b07755e425fd7be87c4054c25023bd57') in 0.007804 seconds
Number of updated asset objects reloaded before import = 0
Number of asset objects unloaded after import = 44
========================================================================
Received Import Request.
  Time since last request: 0.595352 seconds.
  path: Assets/Prefabs/Vehicles/Bus.prefab
  artifactKey: Guid(d7815e648adb9e646b4e8c5ec9f63c4c) Importer(815301076,1909f56bfc062723c751e8b465ee728b)
Start importing Assets/Prefabs/Vehicles/Bus.prefab using Guid(d7815e648adb9e646b4e8c5ec9f63c4c) Importer(815301076,1909f56bfc062723c751e8b465ee728b)  -> (artifact id: '245b6c13f5ce93d271e65fe3d9095446') in 0.008025 seconds
Number of updated asset objects reloaded before import = 0
Number of asset objects unloaded after import = 44
========================================================================
Received Import Request.
  Time since last request: 1.824320 seconds.
  path: Assets/Prefabs/Vehicles/Police Car.prefab
  artifactKey: Guid(40d4aad535f38a84ab5f45deddf61444) Importer(815301076,1909f56bfc062723c751e8b465ee728b)
Start importing Assets/Prefabs/Vehicles/Police Car.prefab using Guid(40d4aad535f38a84ab5f45deddf61444) Importer(815301076,1909f56bfc062723c751e8b465ee728b)  -> (artifact id: 'cd9f338fece97b26c3d1ada89bb8ba81') in 0.008136 seconds
Number of updated asset objects reloaded before import = 0
Number of asset objects unloaded after import = 44
========================================================================
Received Import Request.
  Time since last request: 0.383341 seconds.
  path: Assets/Prefabs/Vehicles/Police Car.prefab
  artifactKey: Guid(40d4aad535f38a84ab5f45deddf61444) Importer(815301076,1909f56bfc062723c751e8b465ee728b)
Start importing Assets/Prefabs/Vehicles/Police Car.prefab using Guid(40d4aad535f38a84ab5f45deddf61444) Importer(815301076,1909f56bfc062723c751e8b465ee728b)  -> (artifact id: '7d9b07c015e894f7a94b46c63ee5e51d') in 0.008283 seconds
Number of updated asset objects reloaded before import = 0
Number of asset objects unloaded after import = 44
========================================================================
Received Import Request.
  Time since last request: 0.796434 seconds.
  path: Assets/Prefabs/Vehicles/Police Car.prefab
  artifactKey: Guid(40d4aad535f38a84ab5f45deddf61444) Importer(815301076,1909f56bfc062723c751e8b465ee728b)
Start importing Assets/Prefabs/Vehicles/Police Car.prefab using Guid(40d4aad535f38a84ab5f45deddf61444) Importer(815301076,1909f56bfc062723c751e8b465ee728b)  -> (artifact id: '356dc523040ca7b2269341cababd2fcf') in 0.009216 seconds
Number of updated asset objects reloaded before import = 0
Number of asset objects unloaded after import = 44
========================================================================
Received Import Request.
  Time since last request: 0.795306 seconds.
  path: Assets/Prefabs/Vehicles/Police Car.prefab
  artifactKey: Guid(40d4aad535f38a84ab5f45deddf61444) Importer(815301076,1909f56bfc062723c751e8b465ee728b)
Start importing Assets/Prefabs/Vehicles/Police Car.prefab using Guid(40d4aad535f38a84ab5f45deddf61444) Importer(815301076,1909f56bfc062723c751e8b465ee728b)  -> (artifact id: '5c1b186c863326a5a4cd876640898d99') in 0.007718 seconds
Number of updated asset objects reloaded before import = 0
Number of asset objects unloaded after import = 44
========================================================================
Received Import Request.
  Time since last request: 1.821372 seconds.
  path: Assets/Prefabs/Vehicles/Sedan.prefab
  artifactKey: Guid(a4dab8b0f9a97ce46a08ea45cd6eabae) Importer(815301076,1909f56bfc062723c751e8b465ee728b)
Start importing Assets/Prefabs/Vehicles/Sedan.prefab using Guid(a4dab8b0f9a97ce46a08ea45cd6eabae) Importer(815301076,1909f56bfc062723c751e8b465ee728b)  -> (artifact id: '19ae684f37c992e1a7dcc7929c8e4318') in 0.008131 seconds
Number of updated asset objects reloaded before import = 0
Number of asset objects unloaded after import = 44
========================================================================
Received Import Request.
  Time since last request: 0.380524 seconds.
  path: Assets/Prefabs/Vehicles/Sedan.prefab
  artifactKey: Guid(a4dab8b0f9a97ce46a08ea45cd6eabae) Importer(815301076,1909f56bfc062723c751e8b465ee728b)
Start importing Assets/Prefabs/Vehicles/Sedan.prefab using Guid(a4dab8b0f9a97ce46a08ea45cd6eabae) Importer(815301076,1909f56bfc062723c751e8b465ee728b)  -> (artifact id: '791708a77fdead1fcdda1e423bf3a22f') in 0.007676 seconds
Number of updated asset objects reloaded before import = 0
Number of asset objects unloaded after import = 44
========================================================================
Received Import Request.
  Time since last request: 1.427094 seconds.
  path: Assets/Prefabs/Vehicles/Sedan.prefab
  artifactKey: Guid(a4dab8b0f9a97ce46a08ea45cd6eabae) Importer(815301076,1909f56bfc062723c751e8b465ee728b)
Start importing Assets/Prefabs/Vehicles/Sedan.prefab using Guid(a4dab8b0f9a97ce46a08ea45cd6eabae) Importer(815301076,1909f56bfc062723c751e8b465ee728b)  -> (artifact id: 'c44c9611068b7babfcc2f41fcabdbd0c') in 0.008088 seconds
Number of updated asset objects reloaded before import = 0
Number of asset objects unloaded after import = 44
========================================================================
Received Import Request.
  Time since last request: 98.535684 seconds.
  path: Assets/Prefabs/Vehicles/Ambulance.prefab
  artifactKey: Guid(36d15590bc5271e4c9a6a252f4fdb880) Importer(815301076,1909f56bfc062723c751e8b465ee728b)
Start importing Assets/Prefabs/Vehicles/Ambulance.prefab using Guid(36d15590bc5271e4c9a6a252f4fdb880) Importer(815301076,1909f56bfc062723c751e8b465ee728b)  -> (artifact id: 'dd32e190767c73cc4581946465fa2794') in 0.008439 seconds
Number of updated asset objects reloaded before import = 0
Number of asset objects unloaded after import = 44
========================================================================
Received Import Request.
  Time since last request: 3.139297 seconds.
  path: Assets/Prefabs/Vehicles/Bus.prefab
  artifactKey: Guid(d7815e648adb9e646b4e8c5ec9f63c4c) Importer(815301076,1909f56bfc062723c751e8b465ee728b)
Start importing Assets/Prefabs/Vehicles/Bus.prefab using Guid(d7815e648adb9e646b4e8c5ec9f63c4c) Importer(815301076,1909f56bfc062723c751e8b465ee728b)  -> (artifact id: 'bfafad093d08d3f65d9f8c83edae4cfb') in 0.016138 seconds
Number of updated asset objects reloaded before import = 0
Number of asset objects unloaded after import = 44
========================================================================
Received Import Request.
  Time since last request: 1.462241 seconds.
  path: Assets/Prefabs/Vehicles/Police Car.prefab
  artifactKey: Guid(40d4aad535f38a84ab5f45deddf61444) Importer(815301076,1909f56bfc062723c751e8b465ee728b)
Start importing Assets/Prefabs/Vehicles/Police Car.prefab using Guid(40d4aad535f38a84ab5f45deddf61444) Importer(815301076,1909f56bfc062723c751e8b465ee728b)  -> (artifact id: '28ffd293993db9f737a54fcf3f55c3ce') in 0.009808 seconds
Number of updated asset objects reloaded before import = 0
Number of asset objects unloaded after import = 44
========================================================================
Received Import Request.
  Time since last request: 1.493922 seconds.
  path: Assets/Prefabs/Vehicles/Sedan.prefab
  artifactKey: Guid(a4dab8b0f9a97ce46a08ea45cd6eabae) Importer(815301076,1909f56bfc062723c751e8b465ee728b)
Start importing Assets/Prefabs/Vehicles/Sedan.prefab using Guid(a4dab8b0f9a97ce46a08ea45cd6eabae) Importer(815301076,1909f56bfc062723c751e8b465ee728b)  -> (artifact id: '718d1fcd4649860e73a535ddc0c6e015') in 0.009380 seconds
Number of updated asset objects reloaded before import = 0
Number of asset objects unloaded after import = 44
========================================================================
Received Prepare
Begin MonoManager ReloadAssembly
- Loaded All Assemblies, in  0.540 seconds
Refreshing native plugins compatible for Editor in 3.67 ms, found 3 plugins.
Native extension for WindowsStandalone target not found
Native extension for Android target not found
[Package Manager] Server::EnsureServerProcessIsRunning -- launch failed, reason: Unity was launched with the -noUpm command-line argument
[Package Manager] UpmClient::Send -- Unable to send message (not connected to UPM process).
[Package Manager] Cannot connect to Unity Package Manager local server
Mono: successfully reloaded assembly
- Finished resetting the current domain, in  1.021 seconds
Domain Reload Profiling: 1558ms
	BeginReloadAssembly (179ms)
		ExecutionOrderSort (0ms)
		DisableScriptedObjects (4ms)
		BackupInstance (0ms)
		ReleaseScriptingObjects (0ms)
		CreateAndSetChildDomain (43ms)
	RebuildCommonClasses (32ms)
	RebuildNativeTypeToScriptingClass (11ms)
	initialDomainReloadingComplete (30ms)
	LoadAllAssembliesAndSetupDomain (284ms)
		LoadAssemblies (367ms)
		RebuildTransferFunctionScriptingTraits (0ms)
		AnalyzeDomain (15ms)
			TypeCache.Refresh (8ms)
				TypeCache.ScanAssembly (0ms)
			ScanForSourceGeneratedMonoScriptInfo (0ms)
			ResolveRequiredComponents (6ms)
	FinalizeReload (1022ms)
		ReleaseScriptCaches (0ms)
		RebuildScriptCaches (0ms)
		SetupLoadedEditorAssemblies (479ms)
			LogAssemblyErrors (0ms)
			InitializePlatformSupportModulesInManaged (36ms)
			SetLoadedEditorAssemblies (3ms)
			RefreshPlugins (0ms)
			BeforeProcessingInitializeOnLoad (71ms)
			ProcessInitializeOnLoadAttributes (333ms)
			ProcessInitializeOnLoadMethodAttributes (25ms)
			AfterProcessingInitializeOnLoad (10ms)
			EditorAssembliesLoaded (0ms)
		ExecutionOrderSort2 (0ms)
		AwakeInstancesAfterBackupRestoration (10ms)
Refreshing native plugins compatible for Editor in 4.81 ms, found 3 plugins.
Preloading 0 native plugins for Editor in 0.00 ms.
Unloading 3262 Unused Serialized files (Serialized files now loaded: 0)
Unloading 24 unused Assets / (102.3 KB). Loaded Objects now: 3849.
Memory consumption went from 147.9 MB to 147.8 MB.
Total: 4.173300 ms (FindLiveObjects: 0.692400 ms CreateObjectMapping: 0.445000 ms MarkObjects: 2.883200 ms  DeleteObjects: 0.151500 ms)

Prepare: number of updated asset objects reloaded= 0
AssetImportParameters requested are different than current active one (requested -> active):
  custom:container-demuxer-ogg: 62fdf1f143b41e24485cea50d1cbac27 -> 
  custom:video-decoder-ogg-theora: a1e56fd34408186e4bbccfd4996cb3dc -> 
  custom:framework-win-MediaFoundation: 216162199b28c13a410421893ffa2e32 -> 
  custom:CustomObjectIndexerAttribute: 756ad292c208cfabdd7b50bc23989ffe -> 
  custom:container-demuxer-webm: 4f35f7cbe854078d1ac9338744f61a02 -> 
  custom:container-muxer-webm: aa71ff27fc2769a1b78a27578f13a17b -> 
  custom:video-decoder-webm-vp8: 9c59270c3fd7afecdb556c50c9e8de78 -> 
  custom:SearchIndexIgnoredProperties: e643bd26f0fe6173181afceb89e7c659 -> 
  custom:AudioImporter_EditorPlatform: d09bf68614088b80899f8185d706f6e7 -> 
  custom:video-encoder-webm-vp8: eb34c28f22e8b96e1ab97ce403110664 -> 
  custom:audio-decoder-ogg-vorbis: bf7c407c2cedff20999df2af8eb42d56 -> 
  custom:audio-encoder-webm-vorbis: bf7c407c2cedff20999df2af8eb42d56 -> 
========================================================================
Received Import Request.
  Time since last request: 1294.722246 seconds.
  path: Assets/Scenes/Game.unity
  artifactKey: Guid(9fc0d4010bbf28b4594072e72b8655ab) Importer(815301076,1909f56bfc062723c751e8b465ee728b)
Start importing Assets/Scenes/Game.unity using Guid(9fc0d4010bbf28b4594072e72b8655ab) Importer(815301076,1909f56bfc062723c751e8b465ee728b)  -> (artifact id: '72056f9e03ef6ef14114216d727213b8') in 0.003097 seconds
Number of updated asset objects reloaded before import = 0
Number of asset objects unloaded after import = 0
========================================================================
Received Prepare
Begin MonoManager ReloadAssembly
- Loaded All Assemblies, in  0.661 seconds
Refreshing native plugins compatible for Editor in 3.28 ms, found 3 plugins.
Native extension for WindowsStandalone target not found
Native extension for Android target not found
[Package Manager] Server::EnsureServerProcessIsRunning -- launch failed, reason: Unity was launched with the -noUpm command-line argument
[Package Manager] UpmClient::Send -- Unable to send message (not connected to UPM process).
[Package Manager] Cannot connect to Unity Package Manager local server
Mono: successfully reloaded assembly
- Finished resetting the current domain, in  0.883 seconds
Domain Reload Profiling: 1541ms
	BeginReloadAssembly (208ms)
		ExecutionOrderSort (0ms)
		DisableScriptedObjects (6ms)
		BackupInstance (0ms)
		ReleaseScriptingObjects (0ms)
		CreateAndSetChildDomain (40ms)
	RebuildCommonClasses (40ms)
	RebuildNativeTypeToScriptingClass (13ms)
	initialDomainReloadingComplete (39ms)
	LoadAllAssembliesAndSetupDomain (357ms)
		LoadAssemblies (452ms)
		RebuildTransferFunctionScriptingTraits (0ms)
		AnalyzeDomain (32ms)
			TypeCache.Refresh (16ms)
				TypeCache.ScanAssembly (1ms)
			ScanForSourceGeneratedMonoScriptInfo (7ms)
			ResolveRequiredComponents (7ms)
	FinalizeReload (884ms)
		ReleaseScriptCaches (0ms)
		RebuildScriptCaches (0ms)
		SetupLoadedEditorAssemblies (389ms)
			LogAssemblyErrors (0ms)
			InitializePlatformSupportModulesInManaged (26ms)
			SetLoadedEditorAssemblies (3ms)
			RefreshPlugins (0ms)
			BeforeProcessingInitializeOnLoad (63ms)
			ProcessInitializeOnLoadAttributes (266ms)
			ProcessInitializeOnLoadMethodAttributes (20ms)
			AfterProcessingInitializeOnLoad (10ms)
			EditorAssembliesLoaded (0ms)
		ExecutionOrderSort2 (0ms)
		AwakeInstancesAfterBackupRestoration (9ms)
