Using pre-set license
Built from '2021.3/staging' branch; Version is '2021.3.8f1 (b30333d56e81) revision 11731763'; Using compiler version '192829333'; Build Type 'Release'
OS: 'Windows 10  (10.0.19045) 64bit Professional' Language: 'ko' Physical Memory: 16317 MB
BatchMode: 1, IsHumanControllingUs: 0, StartBugReporterOnCrash: 0, Is64bit: 1, IsPro: 1

COMMAND LINE ARGUMENTS:
C:\Program Files\Unity\Hub\Editor\2021.3.8f1\Editor\Unity.exe
-adb2
-batchMode
-noUpm
-name
AssetImportWorker1
-projectPath
C:/Users/Admin1/Documents/GitHub/Bolt-Example
-logFile
Logs/AssetImportWorker1.log
-srvPort
54987
Successfully changed project path to: C:/Users/Admin1/Documents/GitHub/Bolt-Example
C:/Users/Admin1/Documents/GitHub/Bolt-Example
[UnityMemory] Configuration Parameters - Can be set up in boot.config
    "memorysetup-bucket-allocator-granularity=16"
    "memorysetup-bucket-allocator-bucket-count=8"
    "memorysetup-bucket-allocator-block-size=33554432"
    "memorysetup-bucket-allocator-block-count=8"
    "memorysetup-main-allocator-block-size=16777216"
    "memorysetup-thread-allocator-block-size=16777216"
    "memorysetup-gfx-main-allocator-block-size=16777216"
    "memorysetup-gfx-thread-allocator-block-size=16777216"
    "memorysetup-cache-allocator-block-size=4194304"
    "memorysetup-typetree-allocator-block-size=2097152"
    "memorysetup-profiler-bucket-allocator-granularity=16"
    "memorysetup-profiler-bucket-allocator-bucket-count=8"
    "memorysetup-profiler-bucket-allocator-block-size=33554432"
    "memorysetup-profiler-bucket-allocator-block-count=8"
    "memorysetup-profiler-allocator-block-size=16777216"
    "memorysetup-profiler-editor-allocator-block-size=1048576"
    "memorysetup-temp-allocator-size-main=16777216"
    "memorysetup-job-temp-allocator-block-size=2097152"
    "memorysetup-job-temp-allocator-block-size-background=1048576"
    "memorysetup-job-temp-allocator-reduction-small-platforms=262144"
    "memorysetup-temp-allocator-size-background-worker=32768"
    "memorysetup-temp-allocator-size-job-worker=262144"
    "memorysetup-temp-allocator-size-preload-manager=33554432"
    "memorysetup-temp-allocator-size-nav-mesh-worker=65536"
    "memorysetup-temp-allocator-size-audio-worker=65536"
    "memorysetup-temp-allocator-size-cloud-worker=32768"
    "memorysetup-temp-allocator-size-gi-baking-worker=262144"
    "memorysetup-temp-allocator-size-gfx=262144"
Refreshing native plugins compatible for Editor in 95.60 ms, found 5 plugins.
Preloading 0 native plugins for Editor in 0.00 ms.
Initialize engine version: 2021.3.8f1 (b30333d56e81)
[Subsystems] Discovering subsystems at path C:/Program Files/Unity/Hub/Editor/2021.3.8f1/Editor/Data/Resources/UnitySubsystems
[Subsystems] Discovering subsystems at path C:/Users/Admin1/Documents/GitHub/Bolt-Example/Assets
GfxDevice: creating device client; threaded=0; jobified=0
Direct3D:
    Version:  Direct3D 11.0 [level 11.1]
    Renderer: NVIDIA GeForce GTX 1050 (ID=0x1c81)
    Vendor:   NVIDIA
    VRAM:     1976 MB
    Driver:   31.0.15.3141
Initialize mono
Mono path[0] = 'C:/Program Files/Unity/Hub/Editor/2021.3.8f1/Editor/Data/Managed'
Mono path[1] = 'C:/Program Files/Unity/Hub/Editor/2021.3.8f1/Editor/Data/MonoBleedingEdge/lib/mono/unityjit-win32'
Mono config path = 'C:/Program Files/Unity/Hub/Editor/2021.3.8f1/Editor/Data/MonoBleedingEdge/etc'
Using monoOptions --debugger-agent=transport=dt_socket,embedding=1,server=y,suspend=n,address=127.0.0.1:56764
Begin MonoManager ReloadAssembly
Registering precompiled unity dll's ...
Register platform support module: C:/Program Files/Unity/Hub/Editor/2021.3.8f1/Editor/Data/PlaybackEngines/AndroidPlayer/UnityEditor.Android.Extensions.dll
Register platform support module: C:/Program Files/Unity/Hub/Editor/2021.3.8f1/Editor/Data/PlaybackEngines/iOSSupport/UnityEditor.iOS.Extensions.dll
Register platform support module: C:/Program Files/Unity/Hub/Editor/2021.3.8f1/Editor/Data/PlaybackEngines/WindowsStandaloneSupport/UnityEditor.WindowsStandalone.Extensions.dll
Registered in 0.020871 seconds.
Native extension for WindowsStandalone target not found
[usbmuxd] Start listen thread
[usbmuxd] Listen thread started
Native extension for iOS target not found
Native extension for Android target not found
Refreshing native plugins compatible for Editor in 87.37 ms, found 5 plugins.
Preloading 0 native plugins for Editor in 0.00 ms.
Mono: successfully reloaded assembly
- Completed reload, in  0.691 seconds
Domain Reload Profiling:
	ReloadAssembly (691ms)
		BeginReloadAssembly (92ms)
			ExecutionOrderSort (0ms)
			DisableScriptedObjects (0ms)
			BackupInstance (0ms)
			ReleaseScriptingObjects (0ms)
			CreateAndSetChildDomain (1ms)
		EndReloadAssembly (464ms)
			LoadAssemblies (88ms)
			RebuildTransferFunctionScriptingTraits (0ms)
			SetupTypeCache (103ms)
			ReleaseScriptCaches (0ms)
			RebuildScriptCaches (23ms)
			SetupLoadedEditorAssemblies (285ms)
				LogAssemblyErrors (0ms)
				InitializePlatformSupportModulesInManaged (67ms)
				SetLoadedEditorAssemblies (0ms)
				RefreshPlugins (87ms)
				BeforeProcessingInitializeOnLoad (1ms)
				ProcessInitializeOnLoadAttributes (88ms)
				ProcessInitializeOnLoadMethodAttributes (41ms)
				AfterProcessingInitializeOnLoad (0ms)
				EditorAssembliesLoaded (0ms)
			ExecutionOrderSort2 (0ms)
			AwakeInstancesAfterBackupRestoration (0ms)
Platform modules already initialized, skipping
Registering precompiled user dll's ...
Registered in 0.013342 seconds.
Begin MonoManager ReloadAssembly
Symbol file LoadedFromMemory doesn't match image C:\Users\Admin1\Documents\GitHub\Bolt-Example\Library\PackageCache\com.unity.visualscripting@1.7.8\Editor\VisualScripting.Core\Dependencies\YamlDotNet\Unity.VisualScripting.YamlDotNet.dll
Symbol file LoadedFromMemory doesn't match image C:\Users\Admin1\Documents\GitHub\Bolt-Example\Library\PackageCache\com.unity.visualscripting@1.7.8\Editor\VisualScripting.Core\Dependencies\DotNetZip\Unity.VisualScripting.IonicZip.dll
Native extension for WindowsStandalone target not found
Native extension for iOS target not found
Native extension for Android target not found
Refreshing native plugins compatible for Editor in 88.54 ms, found 5 plugins.
Preloading 0 native plugins for Editor in 0.00 ms.
System.Exception: Error! Visual Scripting: couldn't find visual scripting package
  at Unity.VisualScripting.PackageVersionUtility.get_version () [0x00043] in C:\Users\Admin1\Documents\GitHub\Bolt-Example\Library\PackageCache\com.unity.visualscripting@1.7.8\Editor\VisualScripting.Core\Utilities\PackageVersionUtility.cs:31 
  at Unity.VisualScripting.BoltCoreManifest.get_version () [0x00000] in C:\Users\Admin1\Documents\GitHub\Bolt-Example\Library\PackageCache\com.unity.visualscripting@1.7.8\Editor\VisualScripting.Core\Plugin\BoltCoreManifest.cs:11 
  at Unity.VisualScripting.PluginManifest.get_currentVersion () [0x00000] in C:\Users\Admin1\Documents\GitHub\Bolt-Example\Library\PackageCache\com.unity.visualscripting@1.7.8\Editor\VisualScripting.Core\Plugins\PluginManifest.cs:33 
  at Unity.VisualScripting.PluginManifest.get_versionMismatch () [0x00000] in C:\Users\Admin1\Documents\GitHub\Bolt-Example\Library\PackageCache\com.unity.visualscripting@1.7.8\Editor\VisualScripting.Core\Plugins\PluginManifest.cs:48 
  at Unity.VisualScripting.PluginContainer.Initialize () [0x00525] in C:\Users\Admin1\Documents\GitHub\Bolt-Example\Library\PackageCache\com.unity.visualscripting@1.7.8\Editor\VisualScripting.Core\Plugins\PluginContainer.cs:208 
  at Unity.VisualScripting.PluginContainer.InitializeOnLoad () [0x00009] in C:\Users\Admin1\Documents\GitHub\Bolt-Example\Library\PackageCache\com.unity.visualscripting@1.7.8\Editor\VisualScripting.Core\Plugins\PluginContainer.cs:32 
  at Unity.VisualScripting.VSUsageUtility.DoInitializeOnLoadCalls () [0x00034] in C:\Users\Admin1\Documents\GitHub\Bolt-Example\Library\PackageCache\com.unity.visualscripting@1.7.8\Editor\VisualScripting.Core\Utilities\VSUsageUtility.cs:76 
  at Unity.VisualScripting.VSUsageUtility.set_isVisualScriptingUsed (System.Boolean value) [0x0002c] in C:\Users\Admin1\Documents\GitHub\Bolt-Example\Library\PackageCache\com.unity.visualscripting@1.7.8\Editor\VisualScripting.Core\Utilities\VSUsageUtility.cs:114 
  at Unity.VisualScripting.VSUsageUtility.CheckAndSetIsVisualScriptingUsed () [0x00032] in C:\Users\Admin1\Documents\GitHub\Bolt-Example\Library\PackageCache\com.unity.visualscripting@1.7.8\Editor\VisualScripting.Core\Utilities\VSUsageUtility.cs:48 
  at Unity.VisualScripting.VSUsageUtility..cctor () [0x00000] in C:\Users\Admin1\Documents\GitHub\Bolt-Example\Library\PackageCache\com.unity.visualscripting@1.7.8\Editor\VisualScripting.Core\Utilities\VSUsageUtility.cs:22 
UnityEngine.StackTraceUtility:ExtractStackTrace ()
UnityEngine.DebugLogHandler:LogFormat (UnityEngine.LogType,UnityEngine.Object,string,object[])
UnityEngine.Logger:Log (UnityEngine.LogType,object)
UnityEngine.Debug:LogError (object)
UnityEditor.EditorAssemblies:ProcessInitializeOnLoadAttributes (System.Type[])

Mono: successfully reloaded assembly
- Completed reload, in  1.647 seconds
Domain Reload Profiling:
	ReloadAssembly (1648ms)
		BeginReloadAssembly (238ms)
			ExecutionOrderSort (0ms)
			DisableScriptedObjects (5ms)
			BackupInstance (0ms)
			ReleaseScriptingObjects (0ms)
			CreateAndSetChildDomain (129ms)
		EndReloadAssembly (1282ms)
			LoadAssemblies (110ms)
			RebuildTransferFunctionScriptingTraits (0ms)
			SetupTypeCache (239ms)
			ReleaseScriptCaches (1ms)
			RebuildScriptCaches (60ms)
			SetupLoadedEditorAssemblies (835ms)
				LogAssemblyErrors (0ms)
				InitializePlatformSupportModulesInManaged (28ms)
				SetLoadedEditorAssemblies (0ms)
				RefreshPlugins (89ms)
				BeforeProcessingInitializeOnLoad (121ms)
				ProcessInitializeOnLoadAttributes (549ms)
				ProcessInitializeOnLoadMethodAttributes (32ms)
				AfterProcessingInitializeOnLoad (16ms)
				EditorAssembliesLoaded (0ms)
			ExecutionOrderSort2 (0ms)
			AwakeInstancesAfterBackupRestoration (8ms)
Platform modules already initialized, skipping
========================================================================
Worker process is ready to serve import requests
Launched and connected shader compiler UnityShaderCompiler.exe after 0.05 seconds
Refreshing native plugins compatible for Editor in 1.19 ms, found 5 plugins.
Preloading 0 native plugins for Editor in 0.00 ms.
Unloading 4076 Unused Serialized files (Serialized files now loaded: 0)
Unloading 46 unused Assets / (222.4 KB). Loaded Objects now: 4528.
Memory consumption went from 151.8 MB to 151.6 MB.
Total: 17.303800 ms (FindLiveObjects: 0.459700 ms CreateObjectMapping: 0.108100 ms MarkObjects: 16.403200 ms  DeleteObjects: 0.330400 ms)

AssetImportParameters requested are different than current active one (requested -> active):
  custom:video-decoder-ogg-theora: a1e56fd34408186e4bbccfd4996cb3dc -> 
  custom:container-muxer-webm: aa71ff27fc2769a1b78a27578f13a17b -> 
  custom:container-demuxer-webm: 4f35f7cbe854078d1ac9338744f61a02 -> 
  custom:video-encoder-webm-vp8: eb34c28f22e8b96e1ab97ce403110664 -> 
  custom:audio-encoder-webm-vorbis: bf7c407c2cedff20999df2af8eb42d56 -> 
  custom:framework-win-MediaFoundation: 216162199b28c13a410421893ffa2e32 -> 
  custom:container-demuxer-ogg: 62fdf1f143b41e24485cea50d1cbac27 -> 
  custom:video-decoder-webm-vp8: 9c59270c3fd7afecdb556c50c9e8de78 -> 
  custom:audio-decoder-ogg-vorbis: bf7c407c2cedff20999df2af8eb42d56 -> 
========================================================================
Received Import Request.
  Time since last request: 603860.381461 seconds.
  path: Assets/FreePixelMob/Rule Tile.asset
  artifactKey: Guid(7ad9f017f1f307a419a1d1a94f7d0c4c) Importer(815301076,1909f56bfc062723c751e8b465ee728b)
Start importing Assets/FreePixelMob/Rule Tile.asset using Guid(7ad9f017f1f307a419a1d1a94f7d0c4c) Importer(815301076,1909f56bfc062723c751e8b465ee728b)  -> (artifact id: 'def41958115ae79541812aefe728b096') in 0.073183 seconds 
========================================================================
Received Prepare
Registering precompiled user dll's ...
Registered in 0.012589 seconds.
Begin MonoManager ReloadAssembly
Symbol file LoadedFromMemory doesn't match image C:\Users\Admin1\Documents\GitHub\Bolt-Example\Library\PackageCache\com.unity.visualscripting@1.7.8\Editor\VisualScripting.Core\Dependencies\YamlDotNet\Unity.VisualScripting.YamlDotNet.dll
Symbol file LoadedFromMemory doesn't match image C:\Users\Admin1\Documents\GitHub\Bolt-Example\Library\PackageCache\com.unity.visualscripting@1.7.8\Editor\VisualScripting.Core\Dependencies\DotNetZip\Unity.VisualScripting.IonicZip.dll
Native extension for WindowsStandalone target not found
Native extension for iOS target not found
Native extension for Android target not found
Refreshing native plugins compatible for Editor in 0.69 ms, found 5 plugins.
Preloading 0 native plugins for Editor in 0.00 ms.
System.Exception: Error! Visual Scripting: couldn't find visual scripting package
  at Unity.VisualScripting.PackageVersionUtility.get_version () [0x00043] in C:\Users\Admin1\Documents\GitHub\Bolt-Example\Library\PackageCache\com.unity.visualscripting@1.7.8\Editor\VisualScripting.Core\Utilities\PackageVersionUtility.cs:31 
  at Unity.VisualScripting.BoltCoreManifest.get_version () [0x00000] in C:\Users\Admin1\Documents\GitHub\Bolt-Example\Library\PackageCache\com.unity.visualscripting@1.7.8\Editor\VisualScripting.Core\Plugin\BoltCoreManifest.cs:11 
  at Unity.VisualScripting.PluginManifest.get_currentVersion () [0x00000] in C:\Users\Admin1\Documents\GitHub\Bolt-Example\Library\PackageCache\com.unity.visualscripting@1.7.8\Editor\VisualScripting.Core\Plugins\PluginManifest.cs:33 
  at Unity.VisualScripting.PluginManifest.get_versionMismatch () [0x00000] in C:\Users\Admin1\Documents\GitHub\Bolt-Example\Library\PackageCache\com.unity.visualscripting@1.7.8\Editor\VisualScripting.Core\Plugins\PluginManifest.cs:48 
  at Unity.VisualScripting.PluginContainer.Initialize () [0x00525] in C:\Users\Admin1\Documents\GitHub\Bolt-Example\Library\PackageCache\com.unity.visualscripting@1.7.8\Editor\VisualScripting.Core\Plugins\PluginContainer.cs:208 
  at Unity.VisualScripting.PluginContainer.InitializeOnLoad () [0x00009] in C:\Users\Admin1\Documents\GitHub\Bolt-Example\Library\PackageCache\com.unity.visualscripting@1.7.8\Editor\VisualScripting.Core\Plugins\PluginContainer.cs:32 
  at Unity.VisualScripting.VSUsageUtility.DoInitializeOnLoadCalls () [0x00034] in C:\Users\Admin1\Documents\GitHub\Bolt-Example\Library\PackageCache\com.unity.visualscripting@1.7.8\Editor\VisualScripting.Core\Utilities\VSUsageUtility.cs:76 
  at Unity.VisualScripting.VSUsageUtility.set_isVisualScriptingUsed (System.Boolean value) [0x0002c] in C:\Users\Admin1\Documents\GitHub\Bolt-Example\Library\PackageCache\com.unity.visualscripting@1.7.8\Editor\VisualScripting.Core\Utilities\VSUsageUtility.cs:114 
  at Unity.VisualScripting.VSUsageUtility.CheckAndSetIsVisualScriptingUsed () [0x0000d] in C:\Users\Admin1\Documents\GitHub\Bolt-Example\Library\PackageCache\com.unity.visualscripting@1.7.8\Editor\VisualScripting.Core\Utilities\VSUsageUtility.cs:33 
  at Unity.VisualScripting.VSUsageUtility..cctor () [0x00000] in C:\Users\Admin1\Documents\GitHub\Bolt-Example\Library\PackageCache\com.unity.visualscripting@1.7.8\Editor\VisualScripting.Core\Utilities\VSUsageUtility.cs:22 
UnityEngine.StackTraceUtility:ExtractStackTrace ()
UnityEngine.DebugLogHandler:LogFormat (UnityEngine.LogType,UnityEngine.Object,string,object[])
UnityEngine.Logger:Log (UnityEngine.LogType,object)
UnityEngine.Debug:LogError (object)
UnityEditor.EditorAssemblies:ProcessInitializeOnLoadAttributes (System.Type[])

Mono: successfully reloaded assembly
- Completed reload, in  1.421 seconds
Domain Reload Profiling:
	ReloadAssembly (1422ms)
		BeginReloadAssembly (186ms)
			ExecutionOrderSort (0ms)
			DisableScriptedObjects (6ms)
			BackupInstance (0ms)
			ReleaseScriptingObjects (0ms)
			CreateAndSetChildDomain (47ms)
		EndReloadAssembly (1109ms)
			LoadAssemblies (136ms)
			RebuildTransferFunctionScriptingTraits (0ms)
			SetupTypeCache (253ms)
			ReleaseScriptCaches (2ms)
			RebuildScriptCaches (41ms)
			SetupLoadedEditorAssemblies (520ms)
				LogAssemblyErrors (0ms)
				InitializePlatformSupportModulesInManaged (33ms)
				SetLoadedEditorAssemblies (0ms)
				RefreshPlugins (1ms)
				BeforeProcessingInitializeOnLoad (88ms)
				ProcessInitializeOnLoadAttributes (355ms)
				ProcessInitializeOnLoadMethodAttributes (29ms)
				AfterProcessingInitializeOnLoad (14ms)
				EditorAssembliesLoaded (0ms)
			ExecutionOrderSort2 (0ms)
			AwakeInstancesAfterBackupRestoration (10ms)
Platform modules already initialized, skipping
Refreshing native plugins compatible for Editor in 3.45 ms, found 5 plugins.
Preloading 0 native plugins for Editor in 0.00 ms.
Unloading 4071 Unused Serialized files (Serialized files now loaded: 0)
Unloading 33 unused Assets / (189.6 KB). Loaded Objects now: 4533.
Memory consumption went from 151.8 MB to 151.6 MB.
Total: 11.258200 ms (FindLiveObjects: 0.312700 ms CreateObjectMapping: 0.094700 ms MarkObjects: 10.678300 ms  DeleteObjects: 0.171100 ms)

AssetImportParameters requested are different than current active one (requested -> active):
  custom:video-decoder-ogg-theora: a1e56fd34408186e4bbccfd4996cb3dc -> 
  custom:container-muxer-webm: aa71ff27fc2769a1b78a27578f13a17b -> 
  custom:container-demuxer-webm: 4f35f7cbe854078d1ac9338744f61a02 -> 
  custom:video-encoder-webm-vp8: eb34c28f22e8b96e1ab97ce403110664 -> 
  custom:audio-encoder-webm-vorbis: bf7c407c2cedff20999df2af8eb42d56 -> 
  custom:framework-win-MediaFoundation: 216162199b28c13a410421893ffa2e32 -> 
  custom:container-demuxer-ogg: 62fdf1f143b41e24485cea50d1cbac27 -> 
  custom:video-decoder-webm-vp8: 9c59270c3fd7afecdb556c50c9e8de78 -> 
  custom:audio-decoder-ogg-vorbis: bf7c407c2cedff20999df2af8eb42d56 -> 
========================================================================
Received Import Request.
  Time since last request: 593.449554 seconds.
  path: Assets/Backyard - Free/sample_ground.png
  artifactKey: Guid(554eb3f7771ceeb4ca590c856d92dbca) Importer(815301076,1909f56bfc062723c751e8b465ee728b)
Start importing Assets/Backyard - Free/sample_ground.png using Guid(554eb3f7771ceeb4ca590c856d92dbca) Importer(815301076,1909f56bfc062723c751e8b465ee728b)  -> (artifact id: '626d9c9cec20aa6bedfb810556d9750d') in 0.115444 seconds 
========================================================================
Received Import Request.
  Time since last request: 5.569222 seconds.
  path: Assets/Backyard - Free/Separate Tiles/backyard_01.png
  artifactKey: Guid(ee39e822105b4f149b76ad27abe4c2ad) Importer(815301076,1909f56bfc062723c751e8b465ee728b)
Start importing Assets/Backyard - Free/Separate Tiles/backyard_01.png using Guid(ee39e822105b4f149b76ad27abe4c2ad) Importer(815301076,1909f56bfc062723c751e8b465ee728b)  -> (artifact id: '4f95601d87dc9bdfb9da420bc542a081') in 0.020408 seconds 
========================================================================
Received Import Request.
  Time since last request: 0.000814 seconds.
  path: Assets/Backyard - Free/Separate Tiles/backyard_04.png
  artifactKey: Guid(af91ea933b5621c4096f217ecfed268b) Importer(815301076,1909f56bfc062723c751e8b465ee728b)
Start importing Assets/Backyard - Free/Separate Tiles/backyard_04.png using Guid(af91ea933b5621c4096f217ecfed268b) Importer(815301076,1909f56bfc062723c751e8b465ee728b)  -> (artifact id: '3f211947e7e265e0f53eee5dea6812dd') in 0.021682 seconds 
========================================================================
Received Import Request.
  Time since last request: 0.000023 seconds.
  path: Assets/Backyard - Free/Separate Tiles/backyard_05.png
  artifactKey: Guid(3173b0d7c57b66641b25fb5cd893ecc5) Importer(815301076,1909f56bfc062723c751e8b465ee728b)
Start importing Assets/Backyard - Free/Separate Tiles/backyard_05.png using Guid(3173b0d7c57b66641b25fb5cd893ecc5) Importer(815301076,1909f56bfc062723c751e8b465ee728b)  -> (artifact id: '398fc5805febb5d644f1534823e3ad84') in 0.016907 seconds 
========================================================================
Received Import Request.
  Time since last request: 0.000021 seconds.
  path: Assets/Backyard - Free/Separate Tiles/backyard_10.png
  artifactKey: Guid(abc41e6a37abfe447bd7940b10ada078) Importer(815301076,1909f56bfc062723c751e8b465ee728b)
Start importing Assets/Backyard - Free/Separate Tiles/backyard_10.png using Guid(abc41e6a37abfe447bd7940b10ada078) Importer(815301076,1909f56bfc062723c751e8b465ee728b)  -> (artifact id: '1e4600ae211a091d0bed46ee5027b8d6') in 0.022668 seconds 
========================================================================
Received Import Request.
  Time since last request: 0.000022 seconds.
  path: Assets/Backyard - Free/Separate Tiles/backyard_85.png
  artifactKey: Guid(e42a29bfc90633e45b6191ed90a4812e) Importer(815301076,1909f56bfc062723c751e8b465ee728b)
Start importing Assets/Backyard - Free/Separate Tiles/backyard_85.png using Guid(e42a29bfc90633e45b6191ed90a4812e) Importer(815301076,1909f56bfc062723c751e8b465ee728b)  -> (artifact id: '0804bac972b154c8f1884160910cdb15') in 0.016787 seconds 
========================================================================
Received Import Request.
  Time since last request: 0.000024 seconds.
  path: Assets/Backyard - Free/Separate Tiles/backyard_61.png
  artifactKey: Guid(5d1fb61671e1a7046ae9cb324c4a1d0d) Importer(815301076,1909f56bfc062723c751e8b465ee728b)
Start importing Assets/Backyard - Free/Separate Tiles/backyard_61.png using Guid(5d1fb61671e1a7046ae9cb324c4a1d0d) Importer(815301076,1909f56bfc062723c751e8b465ee728b)  -> (artifact id: '42b184482491bba38d1eaccefddb07b2') in 0.015569 seconds 
========================================================================
Received Import Request.
  Time since last request: 0.000030 seconds.
  path: Assets/Backyard - Free/Separate Tiles/backyard_88.png
  artifactKey: Guid(4385a494ddd086c468943b352deb1554) Importer(815301076,1909f56bfc062723c751e8b465ee728b)
Start importing Assets/Backyard - Free/Separate Tiles/backyard_88.png using Guid(4385a494ddd086c468943b352deb1554) Importer(815301076,1909f56bfc062723c751e8b465ee728b)  -> (artifact id: 'a5c207246e7391455ed2b62a7eac7d0a') in 0.016044 seconds 
========================================================================
Received Import Request.
  Time since last request: 0.000019 seconds.
  path: Assets/Backyard - Free/Separate Tiles/backyard_74.png
  artifactKey: Guid(be35b8e4d625ae74ba2fb36e0f30a99b) Importer(815301076,1909f56bfc062723c751e8b465ee728b)
Start importing Assets/Backyard - Free/Separate Tiles/backyard_74.png using Guid(be35b8e4d625ae74ba2fb36e0f30a99b) Importer(815301076,1909f56bfc062723c751e8b465ee728b)  -> (artifact id: 'ce21e6cf9ecb3d737baf8486e6913626') in 0.015597 seconds 
========================================================================
Received Import Request.
  Time since last request: 0.000018 seconds.
  path: Assets/Backyard - Free/Separate Tiles/backyard_12.png
  artifactKey: Guid(af7001716e952f84a8d7235196e0a2a1) Importer(815301076,1909f56bfc062723c751e8b465ee728b)
Start importing Assets/Backyard - Free/Separate Tiles/backyard_12.png using Guid(af7001716e952f84a8d7235196e0a2a1) Importer(815301076,1909f56bfc062723c751e8b465ee728b)  -> (artifact id: '3f3221c2427b003a81d4b92656c63e4f') in 0.018971 seconds 
========================================================================
Received Import Request.
  Time since last request: 0.000019 seconds.
  path: Assets/Backyard - Free/Separate Tiles/backyard_63.png
  artifactKey: Guid(bf3ab3a00fde90a4494c61d65ad029ee) Importer(815301076,1909f56bfc062723c751e8b465ee728b)
Start importing Assets/Backyard - Free/Separate Tiles/backyard_63.png using Guid(bf3ab3a00fde90a4494c61d65ad029ee) Importer(815301076,1909f56bfc062723c751e8b465ee728b)  -> (artifact id: 'c4304900d2234849a8aa33f3f58b1504') in 0.015525 seconds 
========================================================================
Received Import Request.
  Time since last request: 0.000025 seconds.
  path: Assets/Backyard - Free/Separate Tiles/backyard_13.png
  artifactKey: Guid(b9ef438332f6be841b3d76dba518ffd0) Importer(815301076,1909f56bfc062723c751e8b465ee728b)
Start importing Assets/Backyard - Free/Separate Tiles/backyard_13.png using Guid(b9ef438332f6be841b3d76dba518ffd0) Importer(815301076,1909f56bfc062723c751e8b465ee728b)  -> (artifact id: '724e68fa5b0d93bb39e83d08713dd909') in 0.015811 seconds 
========================================================================
Received Import Request.
  Time since last request: 0.000024 seconds.
  path: Assets/Backyard - Free/Separate Tiles/backyard_87.png
  artifactKey: Guid(527bcc792a998d243bab159bf7985ae8) Importer(815301076,1909f56bfc062723c751e8b465ee728b)
Start importing Assets/Backyard - Free/Separate Tiles/backyard_87.png using Guid(527bcc792a998d243bab159bf7985ae8) Importer(815301076,1909f56bfc062723c751e8b465ee728b)  -> (artifact id: 'a217778e7078598b92117333b56a7211') in 0.017392 seconds 
========================================================================
Received Import Request.
  Time since last request: 0.000023 seconds.
  path: Assets/Backyard - Free/Separate Tiles/backyard_24.png
  artifactKey: Guid(99fc28874c327594b9c63c34e154b55c) Importer(815301076,1909f56bfc062723c751e8b465ee728b)
Start importing Assets/Backyard - Free/Separate Tiles/backyard_24.png using Guid(99fc28874c327594b9c63c34e154b55c) Importer(815301076,1909f56bfc062723c751e8b465ee728b)  -> (artifact id: '5c22e72f5805a1f027939b89c7cf391d') in 0.016682 seconds 
========================================================================
Received Import Request.
  Time since last request: 0.000026 seconds.
  path: Assets/Backyard - Free/Separate Tiles/backyard_82.png
  artifactKey: Guid(b7f413274354389469cd9c3b39f0d401) Importer(815301076,1909f56bfc062723c751e8b465ee728b)
Start importing Assets/Backyard - Free/Separate Tiles/backyard_82.png using Guid(b7f413274354389469cd9c3b39f0d401) Importer(815301076,1909f56bfc062723c751e8b465ee728b)  -> (artifact id: 'fe2d2fe0b427f2b6ce9ee35903806fe3') in 0.017502 seconds 
========================================================================
Received Import Request.
  Time since last request: 0.000022 seconds.
  path: Assets/Backyard - Free/Separate Tiles/backyard_26.png
  artifactKey: Guid(e9f8d282542b69741bebfa05a2002388) Importer(815301076,1909f56bfc062723c751e8b465ee728b)
Start importing Assets/Backyard - Free/Separate Tiles/backyard_26.png using Guid(e9f8d282542b69741bebfa05a2002388) Importer(815301076,1909f56bfc062723c751e8b465ee728b)  -> (artifact id: 'd2b4443ad01ef174551abf9a36658b00') in 0.023643 seconds 
========================================================================
Received Import Request.
  Time since last request: 0.000025 seconds.
  path: Assets/Backyard - Free/Separate Tiles/backyard_07.png
  artifactKey: Guid(34efda7e0c5c3ce42a32f432b99d23f3) Importer(815301076,1909f56bfc062723c751e8b465ee728b)
Start importing Assets/Backyard - Free/Separate Tiles/backyard_07.png using Guid(34efda7e0c5c3ce42a32f432b99d23f3) Importer(815301076,1909f56bfc062723c751e8b465ee728b)  -> (artifact id: '32597e09a92c5857833cf14d567790fc') in 0.016218 seconds 
========================================================================
Received Import Request.
  Time since last request: 0.000026 seconds.
  path: Assets/Backyard - Free/Separate Tiles/backyard_33.png
  artifactKey: Guid(67ef83aae3a88bf488ae817e65e114d6) Importer(815301076,1909f56bfc062723c751e8b465ee728b)
Start importing Assets/Backyard - Free/Separate Tiles/backyard_33.png using Guid(67ef83aae3a88bf488ae817e65e114d6) Importer(815301076,1909f56bfc062723c751e8b465ee728b)  -> (artifact id: 'c6bdffad1f50d02164f76c3d910d6f4f') in 0.017902 seconds 
========================================================================
Received Import Request.
  Time since last request: 0.000032 seconds.
  path: Assets/Backyard - Free/Separate Tiles/backyard_83.png
  artifactKey: Guid(6efb0da6bb3739a449a673e493f97d3f) Importer(815301076,1909f56bfc062723c751e8b465ee728b)
Start importing Assets/Backyard - Free/Separate Tiles/backyard_83.png using Guid(6efb0da6bb3739a449a673e493f97d3f) Importer(815301076,1909f56bfc062723c751e8b465ee728b)  -> (artifact id: '0570a590f0f0708be73033305de289cf') in 0.015717 seconds 
========================================================================
Received Import Request.
  Time since last request: 0.000018 seconds.
  path: Assets/Backyard - Free/Separate Tiles/backyard_58.png
  artifactKey: Guid(82ce83036d4857d4399350c3e19e3dc8) Importer(815301076,1909f56bfc062723c751e8b465ee728b)
Start importing Assets/Backyard - Free/Separate Tiles/backyard_58.png using Guid(82ce83036d4857d4399350c3e19e3dc8) Importer(815301076,1909f56bfc062723c751e8b465ee728b)  -> (artifact id: '5cbec9e00a1961014aabefe8b0ec4c7e') in 0.015953 seconds 
========================================================================
Received Import Request.
  Time since last request: 0.000024 seconds.
  path: Assets/Backyard - Free/Separate Tiles/backyard_39.png
  artifactKey: Guid(6440b8b2eaed20249a0f7e7c45f910ca) Importer(815301076,1909f56bfc062723c751e8b465ee728b)
Start importing Assets/Backyard - Free/Separate Tiles/backyard_39.png using Guid(6440b8b2eaed20249a0f7e7c45f910ca) Importer(815301076,1909f56bfc062723c751e8b465ee728b)  -> (artifact id: '1aab38a0f9bbf7a10da11f6a815d235b') in 0.020365 seconds 
========================================================================
Received Import Request.
  Time since last request: 0.000024 seconds.
  path: Assets/Backyard - Free/Separate Tiles/backyard_23.png
  artifactKey: Guid(0ed29ad20079cf04aa2ee03495b4cd48) Importer(815301076,1909f56bfc062723c751e8b465ee728b)
Start importing Assets/Backyard - Free/Separate Tiles/backyard_23.png using Guid(0ed29ad20079cf04aa2ee03495b4cd48) Importer(815301076,1909f56bfc062723c751e8b465ee728b)  -> (artifact id: '588cd07ba504d7c06f98fd3f93b34b7c') in 0.019763 seconds 
========================================================================
Received Import Request.
  Time since last request: 0.000027 seconds.
  path: Assets/Backyard - Free/Separate Tiles/backyard_32.png
  artifactKey: Guid(9cc9ef331801669419d571f6d9aa30e1) Importer(815301076,1909f56bfc062723c751e8b465ee728b)
Start importing Assets/Backyard - Free/Separate Tiles/backyard_32.png using Guid(9cc9ef331801669419d571f6d9aa30e1) Importer(815301076,1909f56bfc062723c751e8b465ee728b)  -> (artifact id: 'a7e948ba506c16090d7e4ba619e8fcc6') in 0.016116 seconds 
========================================================================
Received Import Request.
  Time since last request: 0.000019 seconds.
  path: Assets/Backyard - Free/Separate Tiles/backyard_89.png
  artifactKey: Guid(e4f5b4cb5a11d49449e7ca80969aed85) Importer(815301076,1909f56bfc062723c751e8b465ee728b)
Start importing Assets/Backyard - Free/Separate Tiles/backyard_89.png using Guid(e4f5b4cb5a11d49449e7ca80969aed85) Importer(815301076,1909f56bfc062723c751e8b465ee728b)  -> (artifact id: '416f4619d97cfc50dd21e41e51c879d1') in 0.016614 seconds 
========================================================================
Received Import Request.
  Time since last request: 0.000027 seconds.
  path: Assets/Backyard - Free/Separate Tiles/backyard_71.png
  artifactKey: Guid(3046121ca4a0f9340865f3b5c28e79a2) Importer(815301076,1909f56bfc062723c751e8b465ee728b)
Start importing Assets/Backyard - Free/Separate Tiles/backyard_71.png using Guid(3046121ca4a0f9340865f3b5c28e79a2) Importer(815301076,1909f56bfc062723c751e8b465ee728b)  -> (artifact id: 'fa51225e32c554a692152b7963f1f629') in 0.016085 seconds 
========================================================================
Received Import Request.
  Time since last request: 0.000024 seconds.
  path: Assets/Backyard - Free/Separate Tiles/backyard_36.png
  artifactKey: Guid(d56a2af0b87459e4bb880713898070a6) Importer(815301076,1909f56bfc062723c751e8b465ee728b)
Start importing Assets/Backyard - Free/Separate Tiles/backyard_36.png using Guid(d56a2af0b87459e4bb880713898070a6) Importer(815301076,1909f56bfc062723c751e8b465ee728b)  -> (artifact id: '9d5605232c7279dd9a2535ed55210c63') in 0.017669 seconds 
========================================================================
Received Import Request.
  Time since last request: 0.000032 seconds.
  path: Assets/Backyard - Free/Separate Tiles/backyard_43.png
  artifactKey: Guid(4218829bd7e6e104e84e039d42617229) Importer(815301076,1909f56bfc062723c751e8b465ee728b)
Start importing Assets/Backyard - Free/Separate Tiles/backyard_43.png using Guid(4218829bd7e6e104e84e039d42617229) Importer(815301076,1909f56bfc062723c751e8b465ee728b)  -> (artifact id: '7ac446d7c80129dec1949f3c1cf0b7bd') in 0.017664 seconds 
========================================================================
Received Import Request.
  Time since last request: 0.000024 seconds.
  path: Assets/Backyard - Free/Separate Tiles/backyard_22.png
  artifactKey: Guid(5206e60aae2b34244af2a47248cfdfc6) Importer(815301076,1909f56bfc062723c751e8b465ee728b)
Start importing Assets/Backyard - Free/Separate Tiles/backyard_22.png using Guid(5206e60aae2b34244af2a47248cfdfc6) Importer(815301076,1909f56bfc062723c751e8b465ee728b)  -> (artifact id: 'b90d2f235d7fc4fc349bea8fd1deea99') in 0.016762 seconds 
========================================================================
Received Import Request.
  Time since last request: 0.000015 seconds.
  path: Assets/Backyard - Free/Separate Tiles/backyard_54.png
  artifactKey: Guid(31d1db2a64c21d944bd3a34c089756cd) Importer(815301076,1909f56bfc062723c751e8b465ee728b)
Start importing Assets/Backyard - Free/Separate Tiles/backyard_54.png using Guid(31d1db2a64c21d944bd3a34c089756cd) Importer(815301076,1909f56bfc062723c751e8b465ee728b)  -> (artifact id: '590bd1bbd6db9aa791fb4e47d92b4538') in 0.016872 seconds 
========================================================================
Received Import Request.
  Time since last request: 0.000026 seconds.
  path: Assets/Backyard - Free/Separate Tiles/backyard_49.png
  artifactKey: Guid(28889b3e082b9e540b7d105db780d285) Importer(815301076,1909f56bfc062723c751e8b465ee728b)
Start importing Assets/Backyard - Free/Separate Tiles/backyard_49.png using Guid(28889b3e082b9e540b7d105db780d285) Importer(815301076,1909f56bfc062723c751e8b465ee728b)  -> (artifact id: 'c6b172cc1ee4ddb6cbc6dba40b0f2389') in 0.015650 seconds 
========================================================================
Received Import Request.
  Time since last request: 0.000021 seconds.
  path: Assets/Backyard - Free/Separate Tiles/backyard_53.png
  artifactKey: Guid(e1f32f634a6500a499221b09ac9b5a28) Importer(815301076,1909f56bfc062723c751e8b465ee728b)
Start importing Assets/Backyard - Free/Separate Tiles/backyard_53.png using Guid(e1f32f634a6500a499221b09ac9b5a28) Importer(815301076,1909f56bfc062723c751e8b465ee728b)  -> (artifact id: '487c0841c71ffd04e3980334a119d7d7') in 0.016429 seconds 
========================================================================
Received Import Request.
  Time since last request: 0.000025 seconds.
  path: Assets/Backyard - Free/Separate Tiles/backyard_75.png
  artifactKey: Guid(09235bd1dab437c4788c6cf19e3779e3) Importer(815301076,1909f56bfc062723c751e8b465ee728b)
Start importing Assets/Backyard - Free/Separate Tiles/backyard_75.png using Guid(09235bd1dab437c4788c6cf19e3779e3) Importer(815301076,1909f56bfc062723c751e8b465ee728b)  -> (artifact id: 'd4e6de23c2171a0aaab817db0300dbf6') in 0.018380 seconds 
========================================================================
Received Import Request.
  Time since last request: 0.000025 seconds.
  path: Assets/Backyard - Free/Separate Tiles/backyard_62.png
  artifactKey: Guid(51a52ab2d1f50be4e89e2d97f8c94b5b) Importer(815301076,1909f56bfc062723c751e8b465ee728b)
Start importing Assets/Backyard - Free/Separate Tiles/backyard_62.png using Guid(51a52ab2d1f50be4e89e2d97f8c94b5b) Importer(815301076,1909f56bfc062723c751e8b465ee728b)  -> (artifact id: 'effa5c2829199ac0cd2e7966f9cdd574') in 0.016547 seconds 
========================================================================
Received Import Request.
  Time since last request: 0.000029 seconds.
  path: Assets/Backyard - Free/Separate Tiles/backyard_45.png
  artifactKey: Guid(d0e84f09195e0934b82910e173b46cc5) Importer(815301076,1909f56bfc062723c751e8b465ee728b)
Start importing Assets/Backyard - Free/Separate Tiles/backyard_45.png using Guid(d0e84f09195e0934b82910e173b46cc5) Importer(815301076,1909f56bfc062723c751e8b465ee728b)  -> (artifact id: '041fedc00187b38e7d41472f29f00c1f') in 0.016045 seconds 
========================================================================
Received Import Request.
  Time since last request: 0.000023 seconds.
  path: Assets/Backyard - Free/Separate Tiles/backyard_03.png
  artifactKey: Guid(582f4e4c048160f4b8eff8c6f952d9e5) Importer(815301076,1909f56bfc062723c751e8b465ee728b)
Start importing Assets/Backyard - Free/Separate Tiles/backyard_03.png using Guid(582f4e4c048160f4b8eff8c6f952d9e5) Importer(815301076,1909f56bfc062723c751e8b465ee728b)  -> (artifact id: 'd6125e8c57a08fc29d1af3c5abf580e3') in 0.018137 seconds 
========================================================================
Received Import Request.
  Time since last request: 0.000019 seconds.
  path: Assets/Backyard - Free/Separate Tiles/backyard_20.png
  artifactKey: Guid(3a4199454ab180b41baf68b9e8729b9c) Importer(815301076,1909f56bfc062723c751e8b465ee728b)
Start importing Assets/Backyard - Free/Separate Tiles/backyard_20.png using Guid(3a4199454ab180b41baf68b9e8729b9c) Importer(815301076,1909f56bfc062723c751e8b465ee728b)  -> (artifact id: '58487d10a095f4d21d82867d08197aa0') in 0.015321 seconds 
========================================================================
Received Import Request.
  Time since last request: 0.000022 seconds.
  path: Assets/Backyard - Free/Separate Tiles/backyard_60.png
  artifactKey: Guid(1be9866399d849743a6f123a3994d4e9) Importer(815301076,1909f56bfc062723c751e8b465ee728b)
Start importing Assets/Backyard - Free/Separate Tiles/backyard_60.png using Guid(1be9866399d849743a6f123a3994d4e9) Importer(815301076,1909f56bfc062723c751e8b465ee728b)  -> (artifact id: '2aa32a91e54bca2449150fa3b931699e') in 0.016116 seconds 
========================================================================
Received Import Request.
  Time since last request: 0.000018 seconds.
  path: Assets/Backyard - Free/Separate Tiles/backyard_15.png
  artifactKey: Guid(34b491e5a136b184ebf6540ba4726c8f) Importer(815301076,1909f56bfc062723c751e8b465ee728b)
Start importing Assets/Backyard - Free/Separate Tiles/backyard_15.png using Guid(34b491e5a136b184ebf6540ba4726c8f) Importer(815301076,1909f56bfc062723c751e8b465ee728b)  -> (artifact id: '0a879dffbf682827324b110c8d1f10ad') in 0.015799 seconds 
========================================================================
Received Import Request.
  Time since last request: 0.000026 seconds.
  path: Assets/Backyard - Free/Separate Tiles/backyard_37.png
  artifactKey: Guid(9eabebf9a7b232141aae77db998d1d73) Importer(815301076,1909f56bfc062723c751e8b465ee728b)
Start importing Assets/Backyard - Free/Separate Tiles/backyard_37.png using Guid(9eabebf9a7b232141aae77db998d1d73) Importer(815301076,1909f56bfc062723c751e8b465ee728b)  -> (artifact id: '9248ca2de0bd74ea3392ee2f2808e1ce') in 0.015831 seconds 
========================================================================
Received Import Request.
  Time since last request: 0.000020 seconds.
  path: Assets/Backyard - Free/Separate Tiles/backyard_25.png
  artifactKey: Guid(80e81e7ae0024564c94c590585ff469d) Importer(815301076,1909f56bfc062723c751e8b465ee728b)
Start importing Assets/Backyard - Free/Separate Tiles/backyard_25.png using Guid(80e81e7ae0024564c94c590585ff469d) Importer(815301076,1909f56bfc062723c751e8b465ee728b)  -> (artifact id: 'fe45c28e5eb1f92a4b3ce38f0fdb5dda') in 0.018796 seconds 
========================================================================
Received Import Request.
  Time since last request: 0.000021 seconds.
  path: Assets/Backyard - Free/Separate Tiles/backyard_14.png
  artifactKey: Guid(6baf1dd5f5bf82d48a7feeb586e70e89) Importer(815301076,1909f56bfc062723c751e8b465ee728b)
Start importing Assets/Backyard - Free/Separate Tiles/backyard_14.png using Guid(6baf1dd5f5bf82d48a7feeb586e70e89) Importer(815301076,1909f56bfc062723c751e8b465ee728b)  -> (artifact id: '0cb51e0416396d4aa99be0716f2da978') in 0.015404 seconds 
========================================================================
Received Import Request.
  Time since last request: 0.000019 seconds.
  path: Assets/Backyard - Free/Separate Tiles/backyard_18.png
  artifactKey: Guid(90e2a2fb7799afe42863cc856b18c9c6) Importer(815301076,1909f56bfc062723c751e8b465ee728b)
Start importing Assets/Backyard - Free/Separate Tiles/backyard_18.png using Guid(90e2a2fb7799afe42863cc856b18c9c6) Importer(815301076,1909f56bfc062723c751e8b465ee728b)  -> (artifact id: '01974a91b2d6c06a70c09327433ae2cf') in 0.017240 seconds 
========================================================================
Received Import Request.
  Time since last request: 0.000022 seconds.
  path: Assets/Backyard - Free/Separate Tiles/backyard_27.png
  artifactKey: Guid(9820de1909d46a147b2e7eaca4cd6753) Importer(815301076,1909f56bfc062723c751e8b465ee728b)
Start importing Assets/Backyard - Free/Separate Tiles/backyard_27.png using Guid(9820de1909d46a147b2e7eaca4cd6753) Importer(815301076,1909f56bfc062723c751e8b465ee728b)  -> (artifact id: '5b9c54d07726e43cc9cb13c01250e535') in 0.016296 seconds 
========================================================================
Received Import Request.
  Time since last request: 0.000021 seconds.
  path: Assets/Backyard - Free/Separate Tiles/backyard_77.png
  artifactKey: Guid(8289b592a8162164aa2e1fcccee76700) Importer(815301076,1909f56bfc062723c751e8b465ee728b)
Start importing Assets/Backyard - Free/Separate Tiles/backyard_77.png using Guid(8289b592a8162164aa2e1fcccee76700) Importer(815301076,1909f56bfc062723c751e8b465ee728b)  -> (artifact id: 'd768ef5644c05c869566fb54cee00f04') in 0.017766 seconds 
========================================================================
Received Import Request.
  Time since last request: 0.000044 seconds.
  path: Assets/Backyard - Free/Separate Tiles/backyard_31.png
  artifactKey: Guid(20999c9878feaba45ad8d06e49e30af4) Importer(815301076,1909f56bfc062723c751e8b465ee728b)
Start importing Assets/Backyard - Free/Separate Tiles/backyard_31.png using Guid(20999c9878feaba45ad8d06e49e30af4) Importer(815301076,1909f56bfc062723c751e8b465ee728b)  -> (artifact id: 'c97bc0d9532b57ab298aa77b2aaf755d') in 0.018607 seconds 
========================================================================
Received Import Request.
  Time since last request: 0.000040 seconds.
  path: Assets/Backyard - Free/Separate Tiles/backyard_21.png
  artifactKey: Guid(f1ac63a9f734a9b478a0a8b4c07e39e5) Importer(815301076,1909f56bfc062723c751e8b465ee728b)
Start importing Assets/Backyard - Free/Separate Tiles/backyard_21.png using Guid(f1ac63a9f734a9b478a0a8b4c07e39e5) Importer(815301076,1909f56bfc062723c751e8b465ee728b)  -> (artifact id: 'c5d6b2371acabe220ef07fa39e0538f0') in 0.019269 seconds 
Editor requested this worker to shutdown with reason: Scaling down because of idle timeout
AssetImportWorker is now disconnected from the server
Process exiting
Exiting without the bug reporter. Application will terminate with return code 0